Using pre-set license
Built from '2021.3/staging' branch; Version is '2021.3.6f1 (7da38d85baf6) revision 8233869'; Using compiler version '192829333'; Build Type 'Release'
OS: 'Windows 11  (10.0.22621) 64bit Core' Language: 'en' Physical Memory: 16224 MB
BatchMode: 1, IsHumanControllingUs: 0, StartBugReporterOnCrash: 0, Is64bit: 1, IsPro: 1

COMMAND LINE ARGUMENTS:
C:\Program Files\Unity\Hub\Editor\2021.3.6f1\Editor\Unity.exe
-adb2
-batchMode
-noUpm
-name
AssetImportWorker2
-projectPath
C:/Users/carso/OneDrive/Desktop/Unity Games/JurassicParkGame/Jurassic Park Game
-logFile
Logs/AssetImportWorker2.log
-srvPort
55272
Successfully changed project path to: C:/Users/carso/OneDrive/Desktop/Unity Games/JurassicParkGame/Jurassic Park Game
C:/Users/carso/OneDrive/Desktop/Unity Games/JurassicParkGame/Jurassic Park Game
[UnityMemory] Configuration Parameters - Can be set up in boot.config
    "memorysetup-bucket-allocator-granularity=16"
    "memorysetup-bucket-allocator-bucket-count=8"
    "memorysetup-bucket-allocator-block-size=33554432"
    "memorysetup-bucket-allocator-block-count=8"
    "memorysetup-main-allocator-block-size=16777216"
    "memorysetup-thread-allocator-block-size=16777216"
    "memorysetup-gfx-main-allocator-block-size=16777216"
    "memorysetup-gfx-thread-allocator-block-size=16777216"
    "memorysetup-cache-allocator-block-size=4194304"
    "memorysetup-typetree-allocator-block-size=2097152"
    "memorysetup-profiler-bucket-allocator-granularity=16"
    "memorysetup-profiler-bucket-allocator-bucket-count=8"
    "memorysetup-profiler-bucket-allocator-block-size=33554432"
    "memorysetup-profiler-bucket-allocator-block-count=8"
    "memorysetup-profiler-allocator-block-size=16777216"
    "memorysetup-profiler-editor-allocator-block-size=1048576"
    "memorysetup-temp-allocator-size-main=16777216"
    "memorysetup-job-temp-allocator-block-size=2097152"
    "memorysetup-job-temp-allocator-block-size-background=1048576"
    "memorysetup-job-temp-allocator-reduction-small-platforms=262144"
    "memorysetup-temp-allocator-size-background-worker=32768"
    "memorysetup-temp-allocator-size-job-worker=262144"
    "memorysetup-temp-allocator-size-preload-manager=33554432"
    "memorysetup-temp-allocator-size-nav-mesh-worker=65536"
    "memorysetup-temp-allocator-size-audio-worker=65536"
    "memorysetup-temp-allocator-size-cloud-worker=32768"
    "memorysetup-temp-allocator-size-gi-baking-worker=262144"
    "memorysetup-temp-allocator-size-gfx=262144"
Refreshing native plugins compatible for Editor in 65.09 ms, found 4 plugins.
Preloading 0 native plugins for Editor in 0.00 ms.
Initialize engine version: 2021.3.6f1 (7da38d85baf6)
[Subsystems] Discovering subsystems at path C:/Program Files/Unity/Hub/Editor/2021.3.6f1/Editor/Data/Resources/UnitySubsystems
[Subsystems] Discovering subsystems at path C:/Users/carso/OneDrive/Desktop/Unity Games/JurassicParkGame/Jurassic Park Game/Assets
GfxDevice: creating device client; threaded=0; jobified=0
Direct3D:
    Version:  Direct3D 11.0 [level 11.1]
    Renderer: NVIDIA GeForce RTX 3060 Ti (ID=0x2489)
    Vendor:   NVIDIA
    VRAM:     8050 MB
    Driver:   31.0.15.1694
Initialize mono
Mono path[0] = 'C:/Program Files/Unity/Hub/Editor/2021.3.6f1/Editor/Data/Managed'
Mono path[1] = 'C:/Program Files/Unity/Hub/Editor/2021.3.6f1/Editor/Data/MonoBleedingEdge/lib/mono/unityjit-win32'
Mono config path = 'C:/Program Files/Unity/Hub/Editor/2021.3.6f1/Editor/Data/MonoBleedingEdge/etc'
Using monoOptions --debugger-agent=transport=dt_socket,embedding=1,server=y,suspend=n,address=127.0.0.1:56620
Begin MonoManager ReloadAssembly
Registering precompiled unity dll's ...
Register platform support module: C:/Program Files/Unity/Hub/Editor/2021.3.6f1/Editor/Data/PlaybackEngines/WindowsStandaloneSupport/UnityEditor.WindowsStandalone.Extensions.dll
Registered in 0.003467 seconds.
Native extension for WindowsStandalone target not found
Refreshing native plugins compatible for Editor in 58.76 ms, found 4 plugins.
Preloading 0 native plugins for Editor in 0.00 ms.
Mono: successfully reloaded assembly
- Completed reload, in  0.419 seconds
Domain Reload Profiling:
	ReloadAssembly (419ms)
		BeginReloadAssembly (53ms)
			ExecutionOrderSort (0ms)
			DisableScriptedObjects (0ms)
			BackupInstance (0ms)
			ReleaseScriptingObjects (0ms)
			CreateAndSetChildDomain (1ms)
		EndReloadAssembly (296ms)
			LoadAssemblies (51ms)
			RebuildTransferFunctionScriptingTraits (0ms)
			SetupTypeCache (67ms)
			ReleaseScriptCaches (0ms)
			RebuildScriptCaches (15ms)
			SetupLoadedEditorAssemblies (181ms)
				LogAssemblyErrors (0ms)
				InitializePlatformSupportModulesInManaged (5ms)
				SetLoadedEditorAssemblies (0ms)
				RefreshPlugins (59ms)
				BeforeProcessingInitializeOnLoad (1ms)
				ProcessInitializeOnLoadAttributes (87ms)
				ProcessInitializeOnLoadMethodAttributes (30ms)
				AfterProcessingInitializeOnLoad (0ms)
				EditorAssembliesLoaded (0ms)
			ExecutionOrderSort2 (0ms)
			AwakeInstancesAfterBackupRestoration (0ms)
Platform modules already initialized, skipping
Registering precompiled user dll's ...
Registered in 0.006878 seconds.
Begin MonoManager ReloadAssembly
Symbol file LoadedFromMemory doesn't match image C:\Users\carso\OneDrive\Desktop\Unity Games\JurassicParkGame\Jurassic Park Game\Library\PackageCache\com.unity.visualscripting@1.8.0\Editor\VisualScripting.Core\Dependencies\YamlDotNet\Unity.VisualScripting.YamlDotNet.dll
Symbol file LoadedFromMemory doesn't match image C:\Users\carso\OneDrive\Desktop\Unity Games\JurassicParkGame\Jurassic Park Game\Library\PackageCache\com.unity.visualscripting@1.8.0\Editor\VisualScripting.Core\Dependencies\DotNetZip\Unity.VisualScripting.IonicZip.dll
Native extension for WindowsStandalone target not found
Refreshing native plugins compatible for Editor in 59.20 ms, found 4 plugins.
Preloading 0 native plugins for Editor in 0.00 ms.
Mono: successfully reloaded assembly
- Completed reload, in  0.759 seconds
Domain Reload Profiling:
	ReloadAssembly (759ms)
		BeginReloadAssembly (74ms)
			ExecutionOrderSort (0ms)
			DisableScriptedObjects (4ms)
			BackupInstance (0ms)
			ReleaseScriptingObjects (0ms)
			CreateAndSetChildDomain (14ms)
		EndReloadAssembly (609ms)
			LoadAssemblies (58ms)
			RebuildTransferFunctionScriptingTraits (0ms)
			SetupTypeCache (158ms)
			ReleaseScriptCaches (0ms)
			RebuildScriptCaches (39ms)
			SetupLoadedEditorAssemblies (322ms)
				LogAssemblyErrors (0ms)
				InitializePlatformSupportModulesInManaged (3ms)
				SetLoadedEditorAssemblies (0ms)
				RefreshPlugins (59ms)
				BeforeProcessingInitializeOnLoad (60ms)
				ProcessInitializeOnLoadAttributes (167ms)
				ProcessInitializeOnLoadMethodAttributes (29ms)
				AfterProcessingInitializeOnLoad (5ms)
				EditorAssembliesLoaded (0ms)
			ExecutionOrderSort2 (0ms)
			AwakeInstancesAfterBackupRestoration (4ms)
Platform modules already initialized, skipping
========================================================================
Worker process is ready to serve import requests
Launched and connected shader compiler UnityShaderCompiler.exe after 0.04 seconds
Refreshing native plugins compatible for Editor in 0.73 ms, found 4 plugins.
Preloading 0 native plugins for Editor in 0.00 ms.
Unloading 4226 Unused Serialized files (Serialized files now loaded: 0)
Unloading 51 unused Assets / (128.7 KB). Loaded Objects now: 4683.
Memory consumption went from 160.7 MB to 160.6 MB.
Total: 3.313000 ms (FindLiveObjects: 0.248700 ms CreateObjectMapping: 0.168300 ms MarkObjects: 2.815700 ms  DeleteObjects: 0.078700 ms)

AssetImportParameters requested are different than current active one (requested -> active):
  custom:video-decoder-ogg-theora: a1e56fd34408186e4bbccfd4996cb3dc -> 
  custom:container-muxer-webm: aa71ff27fc2769a1b78a27578f13a17b -> 
  custom:container-demuxer-webm: 4f35f7cbe854078d1ac9338744f61a02 -> 
  custom:video-encoder-webm-vp8: eb34c28f22e8b96e1ab97ce403110664 -> 
  custom:audio-encoder-webm-vorbis: bf7c407c2cedff20999df2af8eb42d56 -> 
  custom:framework-win-MediaFoundation: 216162199b28c13a410421893ffa2e32 -> 
  custom:container-demuxer-ogg: 62fdf1f143b41e24485cea50d1cbac27 -> 
  custom:video-decoder-webm-vp8: 9c59270c3fd7afecdb556c50c9e8de78 -> 
  custom:audio-decoder-ogg-vorbis: bf7c407c2cedff20999df2af8eb42d56 -> 
========================================================================
Received Import Request.
  Time since last request: 229260.301274 seconds.
  path: Assets/All Files/UniversalRenderPipelineAsset2D_Renderer.asset
  artifactKey: Guid(480dc6369f0c9a54e9093b775e144ebd) Importer(815301076,1909f56bfc062723c751e8b465ee728b)
Start importing Assets/All Files/UniversalRenderPipelineAsset2D_Renderer.asset using Guid(480dc6369f0c9a54e9093b775e144ebd) Importer(815301076,1909f56bfc062723c751e8b465ee728b)  -> (artifact id: '800441780e121275d0914e7dfddc8f3a') in 0.024932 seconds 
========================================================================
Received Import Request.
  Time since last request: 97.193639 seconds.
  path: Assets/All Files/Prefabs/Enemy.prefab
  artifactKey: Guid(fabc6663cd332f94d9c3b6a1e917070b) Importer(815301076,1909f56bfc062723c751e8b465ee728b)
Start importing Assets/All Files/Prefabs/Enemy.prefab using Guid(fabc6663cd332f94d9c3b6a1e917070b) Importer(815301076,1909f56bfc062723c751e8b465ee728b)  -> (artifact id: '10dd34a4e76f4fb3908d60f14a588fc9') in 0.102919 seconds 
========================================================================
Received Import Request.
  Time since last request: 0.000026 seconds.
  path: Assets/All Files/Prefabs/Health.prefab
  artifactKey: Guid(dbd60687588720346b273add3eac5112) Importer(815301076,1909f56bfc062723c751e8b465ee728b)
Start importing Assets/All Files/Prefabs/Health.prefab using Guid(dbd60687588720346b273add3eac5112) Importer(815301076,1909f56bfc062723c751e8b465ee728b)  -> (artifact id: '88fb4c190c25bbdec3399a06c7feb798') in 0.013546 seconds 
========================================================================
Received Import Request.
  Time since last request: 0.000018 seconds.
  path: Assets/All Files/Prefabs/Projectile.prefab
  artifactKey: Guid(5847c61d20e6ce04dbc333e41dad3ec2) Importer(815301076,1909f56bfc062723c751e8b465ee728b)
Start importing Assets/All Files/Prefabs/Projectile.prefab using Guid(5847c61d20e6ce04dbc333e41dad3ec2) Importer(815301076,1909f56bfc062723c751e8b465ee728b)  -> (artifact id: '25912bb22c0046d457fb5e2d170fffc9') in 0.012471 seconds 
========================================================================
Received Import Request.
  Time since last request: 0.000021 seconds.
  path: Assets/All Files/Prefabs/HitParticle.prefab
  artifactKey: Guid(17da090cbd3ec504ba4da073aa459073) Importer(815301076,1909f56bfc062723c751e8b465ee728b)
Start importing Assets/All Files/Prefabs/HitParticle.prefab using Guid(17da090cbd3ec504ba4da073aa459073) Importer(815301076,1909f56bfc062723c751e8b465ee728b)  -> (artifact id: '8ffacdd29559e07a73c15cad6f42ed03') in 0.010806 seconds 
========================================================================
Received Import Request.
  Time since last request: 11.733388 seconds.
  path: Assets/Game Sound Solutions - 8 bits Elements/laser shot/laser_shot_9.wav
  artifactKey: Guid(b8e3eda48b89e41d5a1160d451db0ee9) Importer(815301076,1909f56bfc062723c751e8b465ee728b)
Start importing Assets/Game Sound Solutions - 8 bits Elements/laser shot/laser_shot_9.wav using Guid(b8e3eda48b89e41d5a1160d451db0ee9) Importer(815301076,1909f56bfc062723c751e8b465ee728b)  -> (artifact id: '7ddd19614dbf5124d52c270272df2c90') in 0.040766 seconds 
========================================================================
Received Import Request.
  Time since last request: 0.000019 seconds.
  path: Assets/8-Bit Sfx/Wav/Menu_Navigate_01.wav
  artifactKey: Guid(7291a588b73434120a6757feba18f112) Importer(815301076,1909f56bfc062723c751e8b465ee728b)
Start importing Assets/8-Bit Sfx/Wav/Menu_Navigate_01.wav using Guid(7291a588b73434120a6757feba18f112) Importer(815301076,1909f56bfc062723c751e8b465ee728b)  -> (artifact id: 'fc056833904d5cc904b6c721334b1195') in 0.021560 seconds 
========================================================================
Received Import Request.
  Time since last request: 0.000027 seconds.
  path: Assets/8-Bit Sfx/Wav/Pickup_01.wav
  artifactKey: Guid(1f51836e881a046d39829f52cc1fcdae) Importer(815301076,1909f56bfc062723c751e8b465ee728b)
Start importing Assets/8-Bit Sfx/Wav/Pickup_01.wav using Guid(1f51836e881a046d39829f52cc1fcdae) Importer(815301076,1909f56bfc062723c751e8b465ee728b)  -> (artifact id: '7c0b849762377f37a21e127ca087d64a') in 0.021836 seconds 
========================================================================
Received Import Request.
  Time since last request: 0.000019 seconds.
  path: Assets/Game Sound Solutions - 8 bits Elements/powerup/powerup_13.wav
  artifactKey: Guid(62f3641b42e3f4dc9b50143f71c892b3) Importer(815301076,1909f56bfc062723c751e8b465ee728b)
Start importing Assets/Game Sound Solutions - 8 bits Elements/powerup/powerup_13.wav using Guid(62f3641b42e3f4dc9b50143f71c892b3) Importer(815301076,1909f56bfc062723c751e8b465ee728b)  -> (artifact id: 'a5ff9c993b0229cd00920f4950239af2') in 0.018884 seconds 
========================================================================
Received Import Request.
  Time since last request: 0.000019 seconds.
  path: Assets/Game Sound Solutions - 8 bits Elements/ramdomize/missil_1.wav
  artifactKey: Guid(1cc961a5774894de3957d7570f35670a) Importer(815301076,1909f56bfc062723c751e8b465ee728b)
Start importing Assets/Game Sound Solutions - 8 bits Elements/ramdomize/missil_1.wav using Guid(1cc961a5774894de3957d7570f35670a) Importer(815301076,1909f56bfc062723c751e8b465ee728b)  -> (artifact id: 'b34b57e49075faf7325462827bae5cd4') in 0.019167 seconds 
========================================================================
Received Import Request.
  Time since last request: 0.000019 seconds.
  path: Assets/Game Sound Solutions - 8 bits Elements/OTHER SOUND PACK DEMO/Magic Demo/Magic_19.wav
  artifactKey: Guid(94027795adf3a4bada7b4fa3bc102c8d) Importer(815301076,1909f56bfc062723c751e8b465ee728b)
Start importing Assets/Game Sound Solutions - 8 bits Elements/OTHER SOUND PACK DEMO/Magic Demo/Magic_19.wav using Guid(94027795adf3a4bada7b4fa3bc102c8d) Importer(815301076,1909f56bfc062723c751e8b465ee728b)  -> (artifact id: 'c0d0adca12a36e32c225c12e96b3bc1b') in 0.017711 seconds 
========================================================================
Received Import Request.
  Time since last request: 0.000026 seconds.
  path: Assets/Game Sound Solutions - 8 bits Elements/powerup/powerup_9.wav
  artifactKey: Guid(39d592abb1ae943778436337fe27c5d6) Importer(815301076,1909f56bfc062723c751e8b465ee728b)
Start importing Assets/Game Sound Solutions - 8 bits Elements/powerup/powerup_9.wav using Guid(39d592abb1ae943778436337fe27c5d6) Importer(815301076,1909f56bfc062723c751e8b465ee728b)  -> (artifact id: '39ad020d4dc51de7c012399ccd801bb6') in 0.021103 seconds 
========================================================================
Received Import Request.
  Time since last request: 0.000024 seconds.
  path: Assets/Game Sound Solutions - 8 bits Elements/powerup/powerup_39.wav
  artifactKey: Guid(e09225279cf0e42feae51e54ed8f2e12) Importer(815301076,1909f56bfc062723c751e8b465ee728b)
Start importing Assets/Game Sound Solutions - 8 bits Elements/powerup/powerup_39.wav using Guid(e09225279cf0e42feae51e54ed8f2e12) Importer(815301076,1909f56bfc062723c751e8b465ee728b)  -> (artifact id: 'c0662b60c408a94a7c48256fce5ed0f0') in 0.022169 seconds 
========================================================================
Received Import Request.
  Time since last request: 0.000022 seconds.
  path: Assets/Game Sound Solutions - 8 bits Elements/OTHER SOUND PACK DEMO/Power Laser Guns Demo/LaserGun_7.wav
  artifactKey: Guid(c559826dcfff14955bcb6a65f0ac39c8) Importer(815301076,1909f56bfc062723c751e8b465ee728b)
Start importing Assets/Game Sound Solutions - 8 bits Elements/OTHER SOUND PACK DEMO/Power Laser Guns Demo/LaserGun_7.wav using Guid(c559826dcfff14955bcb6a65f0ac39c8) Importer(815301076,1909f56bfc062723c751e8b465ee728b)  -> (artifact id: 'eaf636e41453f906976325a48ac6330d') in 0.019314 seconds 
========================================================================
Received Import Request.
  Time since last request: 0.000017 seconds.
  path: Assets/Game Sound Solutions - 8 bits Elements/ramdomize/randomize_4.wav
  artifactKey: Guid(894f272ebb11242af94879907071b1b6) Importer(815301076,1909f56bfc062723c751e8b465ee728b)
Start importing Assets/Game Sound Solutions - 8 bits Elements/ramdomize/randomize_4.wav using Guid(894f272ebb11242af94879907071b1b6) Importer(815301076,1909f56bfc062723c751e8b465ee728b)  -> (artifact id: '26227c86cf00086f0afc0482bec2185e') in 0.027036 seconds 
========================================================================
Received Import Request.
  Time since last request: 0.000018 seconds.
  path: Assets/8-Bit Sfx/Wav/Pickup_00.wav
  artifactKey: Guid(748f63de8c02a451fbffd55e0069f3e1) Importer(815301076,1909f56bfc062723c751e8b465ee728b)
Start importing Assets/8-Bit Sfx/Wav/Pickup_00.wav using Guid(748f63de8c02a451fbffd55e0069f3e1) Importer(815301076,1909f56bfc062723c751e8b465ee728b)  -> (artifact id: 'c208cb2b0991032123566347525e0616') in 0.025492 seconds 
========================================================================
Received Import Request.
  Time since last request: 0.000021 seconds.
  path: Assets/Game Sound Solutions - 8 bits Elements/powerup/powerup_37.wav
  artifactKey: Guid(92910dab1adc34000a8a5ef42996717b) Importer(815301076,1909f56bfc062723c751e8b465ee728b)
Start importing Assets/Game Sound Solutions - 8 bits Elements/powerup/powerup_37.wav using Guid(92910dab1adc34000a8a5ef42996717b) Importer(815301076,1909f56bfc062723c751e8b465ee728b)  -> (artifact id: '158a83d4f82cca09180db6236a0a4236') in 0.016650 seconds 
========================================================================
Received Import Request.
  Time since last request: 0.000019 seconds.
  path: Assets/Game Sound Solutions - 8 bits Elements/ramdomize/randomize_6.wav
  artifactKey: Guid(384cb549e36c24d7bb05e59eb9346de1) Importer(815301076,1909f56bfc062723c751e8b465ee728b)
Start importing Assets/Game Sound Solutions - 8 bits Elements/ramdomize/randomize_6.wav using Guid(384cb549e36c24d7bb05e59eb9346de1) Importer(815301076,1909f56bfc062723c751e8b465ee728b)  -> (artifact id: '62d180edc2a703f02487e8aa43981ef2') in 0.019120 seconds 
========================================================================
Received Import Request.
  Time since last request: 0.000029 seconds.
  path: Assets/Game Sound Solutions - 8 bits Elements/OTHER SOUND PACK DEMO/Power Laser Guns Demo/Plasm_gun65.wav
  artifactKey: Guid(b2f5ae2da3b934e2aa4db14508d5bc86) Importer(815301076,1909f56bfc062723c751e8b465ee728b)
Start importing Assets/Game Sound Solutions - 8 bits Elements/OTHER SOUND PACK DEMO/Power Laser Guns Demo/Plasm_gun65.wav using Guid(b2f5ae2da3b934e2aa4db14508d5bc86) Importer(815301076,1909f56bfc062723c751e8b465ee728b)  -> (artifact id: '582fca144cf67b5bf9b47a392d7b3bee') in 0.022053 seconds 
========================================================================
Received Import Request.
  Time since last request: 0.000024 seconds.
  path: Assets/Game Sound Solutions - 8 bits Elements/powerup/powerup_41.wav
  artifactKey: Guid(c5dff3644d003480281333a68d9e9aee) Importer(815301076,1909f56bfc062723c751e8b465ee728b)
Start importing Assets/Game Sound Solutions - 8 bits Elements/powerup/powerup_41.wav using Guid(c5dff3644d003480281333a68d9e9aee) Importer(815301076,1909f56bfc062723c751e8b465ee728b)  -> (artifact id: '42e1cc56f9cafa96183a9bf247ef8799') in 0.021923 seconds 
========================================================================
Received Import Request.
  Time since last request: 0.000030 seconds.
  path: Assets/Game Sound Solutions - 8 bits Elements/OTHER SOUND PACK DEMO/Nightmare ambiences Demo/Nightmare_ambience_3.wav
  artifactKey: Guid(4b38991310d2a4264b98c46381124922) Importer(815301076,1909f56bfc062723c751e8b465ee728b)
Start importing Assets/Game Sound Solutions - 8 bits Elements/OTHER SOUND PACK DEMO/Nightmare ambiences Demo/Nightmare_ambience_3.wav using Guid(4b38991310d2a4264b98c46381124922) Importer(815301076,1909f56bfc062723c751e8b465ee728b)  -> (artifact id: 'dced2a7a6b1168d41d2de96fd1a666b5') in 0.029681 seconds 
========================================================================
Received Import Request.
  Time since last request: 0.000025 seconds.
  path: Assets/All Files/Audio/Robot Fixed.wav
  artifactKey: Guid(4e356d8e36201c14da953082c4d569ab) Importer(815301076,1909f56bfc062723c751e8b465ee728b)
Start importing Assets/All Files/Audio/Robot Fixed.wav using Guid(4e356d8e36201c14da953082c4d569ab) Importer(815301076,1909f56bfc062723c751e8b465ee728b)  -> (artifact id: 'd6bd0ffa70c05c544e15d99ee8c60709') in 0.019446 seconds 
========================================================================
Received Import Request.
  Time since last request: 0.000034 seconds.
  path: Assets/Game Sound Solutions - 8 bits Elements/powerup/powerup_18.wav
  artifactKey: Guid(874de4befdad942c7a5307a6e288af2c) Importer(815301076,1909f56bfc062723c751e8b465ee728b)
Start importing Assets/Game Sound Solutions - 8 bits Elements/powerup/powerup_18.wav using Guid(874de4befdad942c7a5307a6e288af2c) Importer(815301076,1909f56bfc062723c751e8b465ee728b)  -> (artifact id: '10219b2f18fd959798f615160b95000e') in 0.017656 seconds 
========================================================================
Received Import Request.
  Time since last request: 0.000020 seconds.
  path: Assets/Game Sound Solutions - 8 bits Elements/powerup/powerup_28.wav
  artifactKey: Guid(db02785c36b284c7fadc46ca1e0a7a06) Importer(815301076,1909f56bfc062723c751e8b465ee728b)
Start importing Assets/Game Sound Solutions - 8 bits Elements/powerup/powerup_28.wav using Guid(db02785c36b284c7fadc46ca1e0a7a06) Importer(815301076,1909f56bfc062723c751e8b465ee728b)  -> (artifact id: '6731561410d332b7639b9600a6603de3') in 0.017284 seconds 
========================================================================
Received Import Request.
  Time since last request: 0.000017 seconds.
  path: Assets/Game Sound Solutions - 8 bits Elements/powerup/powerup_19.wav
  artifactKey: Guid(e5d5a739dbb4d4f14ac1b79364078d44) Importer(815301076,1909f56bfc062723c751e8b465ee728b)
Start importing Assets/Game Sound Solutions - 8 bits Elements/powerup/powerup_19.wav using Guid(e5d5a739dbb4d4f14ac1b79364078d44) Importer(815301076,1909f56bfc062723c751e8b465ee728b)  -> (artifact id: 'de93a2ea23bfad56eb58f40e97ef81cf') in 0.015540 seconds 
========================================================================
Received Import Request.
  Time since last request: 0.000017 seconds.
  path: Assets/Game Sound Solutions - 8 bits Elements/OTHER SOUND PACK DEMO/Magic Demo/Magic_69.wav
  artifactKey: Guid(b3d52ea0c7d7e41f6924f0d6ea2f4694) Importer(815301076,1909f56bfc062723c751e8b465ee728b)
Start importing Assets/Game Sound Solutions - 8 bits Elements/OTHER SOUND PACK DEMO/Magic Demo/Magic_69.wav using Guid(b3d52ea0c7d7e41f6924f0d6ea2f4694) Importer(815301076,1909f56bfc062723c751e8b465ee728b)  -> (artifact id: '392fb7a1f0d2cc88a2996e8402b5a849') in 0.019536 seconds 
========================================================================
Received Import Request.
  Time since last request: 0.000018 seconds.
  path: Assets/Game Sound Solutions - 8 bits Elements/OTHER SOUND PACK DEMO/Power Laser Guns Demo/LaserGun_46.wav
  artifactKey: Guid(c12b7d88787304f8ea2f41e34ffc8d91) Importer(815301076,1909f56bfc062723c751e8b465ee728b)
Start importing Assets/Game Sound Solutions - 8 bits Elements/OTHER SOUND PACK DEMO/Power Laser Guns Demo/LaserGun_46.wav using Guid(c12b7d88787304f8ea2f41e34ffc8d91) Importer(815301076,1909f56bfc062723c751e8b465ee728b)  -> (artifact id: '064defbc9f480a5d13b5f5f2644555a6') in 0.016121 seconds 
========================================================================
Received Import Request.
  Time since last request: 0.000020 seconds.
  path: Assets/Game Sound Solutions - 8 bits Elements/powerup/powerup_33.wav
  artifactKey: Guid(650e8ac8f89444c97a44161f4555272d) Importer(815301076,1909f56bfc062723c751e8b465ee728b)
Start importing Assets/Game Sound Solutions - 8 bits Elements/powerup/powerup_33.wav using Guid(650e8ac8f89444c97a44161f4555272d) Importer(815301076,1909f56bfc062723c751e8b465ee728b)  -> (artifact id: 'e482ebbbf23b61199c8ee587b1269589') in 0.017103 seconds 
========================================================================
Received Import Request.
  Time since last request: 0.000019 seconds.
  path: Assets/8-Bit Sfx/Wav/Menu_Navigate_00.wav
  artifactKey: Guid(2d8ec81bd03c74801b1505e1eb7215ee) Importer(815301076,1909f56bfc062723c751e8b465ee728b)
Start importing Assets/8-Bit Sfx/Wav/Menu_Navigate_00.wav using Guid(2d8ec81bd03c74801b1505e1eb7215ee) Importer(815301076,1909f56bfc062723c751e8b465ee728b)  -> (artifact id: 'e48029be95e6fd2dab3f32f284571277') in 0.013393 seconds 
========================================================================
Received Import Request.
  Time since last request: 0.000023 seconds.
  path: Assets/Game Sound Solutions - 8 bits Elements/OTHER SOUND PACK DEMO/Weapons Demo/shotgun_6.wav
  artifactKey: Guid(654f1e621e8af4a2ca7a6811c2d75c54) Importer(815301076,1909f56bfc062723c751e8b465ee728b)
Start importing Assets/Game Sound Solutions - 8 bits Elements/OTHER SOUND PACK DEMO/Weapons Demo/shotgun_6.wav using Guid(654f1e621e8af4a2ca7a6811c2d75c54) Importer(815301076,1909f56bfc062723c751e8b465ee728b)  -> (artifact id: '092e2b60cbb294523fd0aeaa75de928c') in 0.018218 seconds 
========================================================================
Received Import Request.
  Time since last request: 0.000027 seconds.
  path: Assets/Game Sound Solutions - 8 bits Elements/OTHER SOUND PACK DEMO/Weapons Demo/scatter_gun_2.wav
  artifactKey: Guid(389fe48618bcf47d9a6159c3346fa884) Importer(815301076,1909f56bfc062723c751e8b465ee728b)
Start importing Assets/Game Sound Solutions - 8 bits Elements/OTHER SOUND PACK DEMO/Weapons Demo/scatter_gun_2.wav using Guid(389fe48618bcf47d9a6159c3346fa884) Importer(815301076,1909f56bfc062723c751e8b465ee728b)  -> (artifact id: 'aa7c420169e73e1e4d9673151fc1d4f1') in 0.015326 seconds 
========================================================================
Received Import Request.
  Time since last request: 0.000023 seconds.
  path: Assets/Game Sound Solutions - 8 bits Elements/powerup/powerup_24.wav
  artifactKey: Guid(09744407e0d7d4a409cbb420fd00f729) Importer(815301076,1909f56bfc062723c751e8b465ee728b)
Start importing Assets/Game Sound Solutions - 8 bits Elements/powerup/powerup_24.wav using Guid(09744407e0d7d4a409cbb420fd00f729) Importer(815301076,1909f56bfc062723c751e8b465ee728b)  -> (artifact id: '2319fc1403aa80d8a26732c732194fa5') in 0.014523 seconds 
========================================================================
Received Import Request.
  Time since last request: 0.000018 seconds.
  path: Assets/Game Sound Solutions - 8 bits Elements/OTHER SOUND PACK DEMO/Zombie Voices Demo/super_zombie_attack_2.wav
  artifactKey: Guid(94ca23f7b7d4546d1b0e14ed723950a3) Importer(815301076,1909f56bfc062723c751e8b465ee728b)
Start importing Assets/Game Sound Solutions - 8 bits Elements/OTHER SOUND PACK DEMO/Zombie Voices Demo/super_zombie_attack_2.wav using Guid(94ca23f7b7d4546d1b0e14ed723950a3) Importer(815301076,1909f56bfc062723c751e8b465ee728b)  -> (artifact id: 'fd37f6b01c197cfa8094090ce2278c6d') in 0.016446 seconds 
========================================================================
Received Import Request.
  Time since last request: 0.000017 seconds.
  path: Assets/8-Bit Sfx/Mp3/Shoot_03.mp3
  artifactKey: Guid(ca78f6c63e6ae47e89e13ce08c8b0f30) Importer(815301076,1909f56bfc062723c751e8b465ee728b)
Start importing Assets/8-Bit Sfx/Mp3/Shoot_03.mp3 using Guid(ca78f6c63e6ae47e89e13ce08c8b0f30) Importer(815301076,1909f56bfc062723c751e8b465ee728b)  -> (artifact id: '4a51fdd6c43d3cc390a1e1b7b5e43022') in 0.014323 seconds 
========================================================================
Received Import Request.
  Time since last request: 0.000018 seconds.
  path: Assets/8-Bit Sfx/Wav/Shoot_01.wav
  artifactKey: Guid(c6dbb00fc32c0482ab8221f6dcd871e8) Importer(815301076,1909f56bfc062723c751e8b465ee728b)
Start importing Assets/8-Bit Sfx/Wav/Shoot_01.wav using Guid(c6dbb00fc32c0482ab8221f6dcd871e8) Importer(815301076,1909f56bfc062723c751e8b465ee728b)  -> (artifact id: 'ca07228881fce9968a0c6dc476b6683c') in 0.014265 seconds 
========================================================================
Received Import Request.
  Time since last request: 0.000018 seconds.
  path: Assets/Game Sound Solutions - 8 bits Elements/OTHER SOUND PACK DEMO/Buttons Colletions Demo/synthe_15.wav
  artifactKey: Guid(585cbd3f7e8c1496c9c387f0192a5f37) Importer(815301076,1909f56bfc062723c751e8b465ee728b)
Start importing Assets/Game Sound Solutions - 8 bits Elements/OTHER SOUND PACK DEMO/Buttons Colletions Demo/synthe_15.wav using Guid(585cbd3f7e8c1496c9c387f0192a5f37) Importer(815301076,1909f56bfc062723c751e8b465ee728b)  -> (artifact id: 'b5d4caabd5c1f49400c4526cc06ed20d') in 0.013997 seconds 
========================================================================
Received Import Request.
  Time since last request: 0.000019 seconds.
  path: Assets/Game Sound Solutions - 8 bits Elements/ramdomize/randomize_9.wav
  artifactKey: Guid(4878b1aee21b147fbbde852f37fca48f) Importer(815301076,1909f56bfc062723c751e8b465ee728b)
Start importing Assets/Game Sound Solutions - 8 bits Elements/ramdomize/randomize_9.wav using Guid(4878b1aee21b147fbbde852f37fca48f) Importer(815301076,1909f56bfc062723c751e8b465ee728b)  -> (artifact id: '845623e05e12e6dfb971c64452e4d697') in 0.014732 seconds 
========================================================================
Received Import Request.
  Time since last request: 0.000018 seconds.
  path: Assets/Game Sound Solutions - 8 bits Elements/OTHER SOUND PACK DEMO/Power Laser Guns Demo/LaserGun_37.wav
  artifactKey: Guid(2b809bb53abec454899d2f8bb1fd8e74) Importer(815301076,1909f56bfc062723c751e8b465ee728b)
Start importing Assets/Game Sound Solutions - 8 bits Elements/OTHER SOUND PACK DEMO/Power Laser Guns Demo/LaserGun_37.wav using Guid(2b809bb53abec454899d2f8bb1fd8e74) Importer(815301076,1909f56bfc062723c751e8b465ee728b)  -> (artifact id: '7656e1900c22178fd6a30f5f49c4f2c3') in 0.015008 seconds 
========================================================================
Received Import Request.
  Time since last request: 0.000020 seconds.
  path: Assets/Game Sound Solutions - 8 bits Elements/laser shot/laser_shot_12.wav
  artifactKey: Guid(ee58f1d233faf415f8e5bc31467aab7c) Importer(815301076,1909f56bfc062723c751e8b465ee728b)
Start importing Assets/Game Sound Solutions - 8 bits Elements/laser shot/laser_shot_12.wav using Guid(ee58f1d233faf415f8e5bc31467aab7c) Importer(815301076,1909f56bfc062723c751e8b465ee728b)  -> (artifact id: '488af3e54257588c612dab517f1af430') in 0.015527 seconds 
========================================================================
Received Import Request.
  Time since last request: 0.000020 seconds.
  path: Assets/Game Sound Solutions - 8 bits Elements/ramdomize/randomize_16.wav
  artifactKey: Guid(89a189986bf624720bbf8f7a6919cb7a) Importer(815301076,1909f56bfc062723c751e8b465ee728b)
Start importing Assets/Game Sound Solutions - 8 bits Elements/ramdomize/randomize_16.wav using Guid(89a189986bf624720bbf8f7a6919cb7a) Importer(815301076,1909f56bfc062723c751e8b465ee728b)  -> (artifact id: 'f7e04e32bde658270593834971bc6a63') in 0.015116 seconds 
========================================================================
Received Import Request.
  Time since last request: 0.000018 seconds.
  path: Assets/Game Sound Solutions - 8 bits Elements/powerup/powerup_22.wav
  artifactKey: Guid(66f2a66e739184763b7afc4333c7ef81) Importer(815301076,1909f56bfc062723c751e8b465ee728b)
Start importing Assets/Game Sound Solutions - 8 bits Elements/powerup/powerup_22.wav using Guid(66f2a66e739184763b7afc4333c7ef81) Importer(815301076,1909f56bfc062723c751e8b465ee728b)  -> (artifact id: 'e9405e1cd09b24b6bc313f452908ba65') in 0.014913 seconds 
========================================================================
Received Import Request.
  Time since last request: 2.728026 seconds.
  path: Assets/AlpacaStudio_Menu_Template/Audio/238069__shuinvy__childhoodmusicboxhalf.mp3
  artifactKey: Guid(81a073c32b2377e4d88a16a31d15f298) Importer(815301076,1909f56bfc062723c751e8b465ee728b)
Start importing Assets/AlpacaStudio_Menu_Template/Audio/238069__shuinvy__childhoodmusicboxhalf.mp3 using Guid(81a073c32b2377e4d88a16a31d15f298) Importer(815301076,1909f56bfc062723c751e8b465ee728b)  -> (artifact id: '8234a2e3149762e7d0dc0940cb04faff') in 0.019152 seconds 
========================================================================
Received Import Request.
  Time since last request: 0.000020 seconds.
  path: Assets/Game Sound Solutions - 8 bits Elements/jump/jump_8.wav
  artifactKey: Guid(0e59ad3fa091245a4b417c4e32119373) Importer(815301076,1909f56bfc062723c751e8b465ee728b)
Start importing Assets/Game Sound Solutions - 8 bits Elements/jump/jump_8.wav using Guid(0e59ad3fa091245a4b417c4e32119373) Importer(815301076,1909f56bfc062723c751e8b465ee728b)  -> (artifact id: '6ca38de49e3df42709590cf02ea703ce') in 0.016045 seconds 
========================================================================
Received Prepare
Registering precompiled user dll's ...
Registered in 0.006055 seconds.
Begin MonoManager ReloadAssembly
Symbol file LoadedFromMemory doesn't match image C:\Users\carso\OneDrive\Desktop\Unity Games\JurassicParkGame\Jurassic Park Game\Library\PackageCache\com.unity.visualscripting@1.8.0\Editor\VisualScripting.Core\Dependencies\YamlDotNet\Unity.VisualScripting.YamlDotNet.dll
Symbol file LoadedFromMemory doesn't match image C:\Users\carso\OneDrive\Desktop\Unity Games\JurassicParkGame\Jurassic Park Game\Library\PackageCache\com.unity.visualscripting@1.8.0\Editor\VisualScripting.Core\Dependencies\DotNetZip\Unity.VisualScripting.IonicZip.dll
Native extension for WindowsStandalone target not found
Refreshing native plugins compatible for Editor in 0.75 ms, found 4 plugins.
Preloading 0 native plugins for Editor in 0.00 ms.
Mono: successfully reloaded assembly
- Completed reload, in  0.835 seconds
Domain Reload Profiling:
	ReloadAssembly (836ms)
		BeginReloadAssembly (111ms)
			ExecutionOrderSort (0ms)
			DisableScriptedObjects (3ms)
			BackupInstance (0ms)
			ReleaseScriptingObjects (0ms)
			CreateAndSetChildDomain (34ms)
		EndReloadAssembly (644ms)
			LoadAssemblies (69ms)
			RebuildTransferFunctionScriptingTraits (0ms)
			SetupTypeCache (204ms)
			ReleaseScriptCaches (1ms)
			RebuildScriptCaches (38ms)
			SetupLoadedEditorAssemblies (288ms)
				LogAssemblyErrors (0ms)
				InitializePlatformSupportModulesInManaged (9ms)
				SetLoadedEditorAssemblies (1ms)
				RefreshPlugins (1ms)
				BeforeProcessingInitializeOnLoad (63ms)
				ProcessInitializeOnLoadAttributes (178ms)
				ProcessInitializeOnLoadMethodAttributes (32ms)
				AfterProcessingInitializeOnLoad (4ms)
				EditorAssembliesLoaded (0ms)
			ExecutionOrderSort2 (0ms)
			AwakeInstancesAfterBackupRestoration (7ms)
Platform modules already initialized, skipping
Refreshing native plugins compatible for Editor in 1.66 ms, found 4 plugins.
Preloading 0 native plugins for Editor in 0.00 ms.
Unloading 4205 Unused Serialized files (Serialized files now loaded: 0)
Unloading 27 unused Assets / (96.1 KB). Loaded Objects now: 4706.
Memory consumption went from 163.5 MB to 163.4 MB.
Total: 2.286300 ms (FindLiveObjects: 0.191700 ms CreateObjectMapping: 0.092900 ms MarkObjects: 1.970400 ms  DeleteObjects: 0.030400 ms)

AssetImportParameters requested are different than current active one (requested -> active):
  custom:video-decoder-ogg-theora: a1e56fd34408186e4bbccfd4996cb3dc -> 
  custom:container-muxer-webm: aa71ff27fc2769a1b78a27578f13a17b -> 
  custom:container-demuxer-webm: 4f35f7cbe854078d1ac9338744f61a02 -> 
  custom:video-encoder-webm-vp8: eb34c28f22e8b96e1ab97ce403110664 -> 
  custom:audio-encoder-webm-vorbis: bf7c407c2cedff20999df2af8eb42d56 -> 
  custom:framework-win-MediaFoundation: 216162199b28c13a410421893ffa2e32 -> 
  custom:container-demuxer-ogg: 62fdf1f143b41e24485cea50d1cbac27 -> 
  custom:video-decoder-webm-vp8: 9c59270c3fd7afecdb556c50c9e8de78 -> 
  custom:audio-decoder-ogg-vorbis: bf7c407c2cedff20999df2af8eb42d56 -> 
========================================================================
Received Prepare
Registering precompiled user dll's ...
Registered in 0.004657 seconds.
Begin MonoManager ReloadAssembly
Symbol file LoadedFromMemory doesn't match image C:\Users\carso\OneDrive\Desktop\Unity Games\JurassicParkGame\Jurassic Park Game\Library\PackageCache\com.unity.visualscripting@1.8.0\Editor\VisualScripting.Core\Dependencies\YamlDotNet\Unity.VisualScripting.YamlDotNet.dll
Symbol file LoadedFromMemory doesn't match image C:\Users\carso\OneDrive\Desktop\Unity Games\JurassicParkGame\Jurassic Park Game\Library\PackageCache\com.unity.visualscripting@1.8.0\Editor\VisualScripting.Core\Dependencies\DotNetZip\Unity.VisualScripting.IonicZip.dll
Native extension for WindowsStandalone target not found
Refreshing native plugins compatible for Editor in 0.53 ms, found 4 plugins.
Preloading 0 native plugins for Editor in 0.00 ms.
Mono: successfully reloaded assembly
- Completed reload, in  0.783 seconds
Domain Reload Profiling:
	ReloadAssembly (784ms)
		BeginReloadAssembly (91ms)
			ExecutionOrderSort (0ms)
			DisableScriptedObjects (4ms)
			BackupInstance (0ms)
			ReleaseScriptingObjects (0ms)
			CreateAndSetChildDomain (29ms)
		EndReloadAssembly (631ms)
			LoadAssemblies (59ms)
			RebuildTransferFunctionScriptingTraits (0ms)
			SetupTypeCache (197ms)
			ReleaseScriptCaches (2ms)
			RebuildScriptCaches (42ms)
			SetupLoadedEditorAssemblies (283ms)
				LogAssemblyErrors (0ms)
				InitializePlatformSupportModulesInManaged (10ms)
				SetLoadedEditorAssemblies (1ms)
				RefreshPlugins (1ms)
				BeforeProcessingInitializeOnLoad (57ms)
				ProcessInitializeOnLoadAttributes (175ms)
				ProcessInitializeOnLoadMethodAttributes (34ms)
				AfterProcessingInitializeOnLoad (6ms)
				EditorAssembliesLoaded (0ms)
			ExecutionOrderSort2 (0ms)
			AwakeInstancesAfterBackupRestoration (7ms)
Platform modules already initialized, skipping
Refreshing native plugins compatible for Editor in 3.17 ms, found 4 plugins.
Preloading 0 native plugins for Editor in 0.00 ms.
Unloading 4205 Unused Serialized files (Serialized files now loaded: 0)
Unloading 26 unused Assets / (95.4 KB). Loaded Objects now: 4721.
Memory consumption went from 163.5 MB to 163.4 MB.
Total: 3.079700 ms (FindLiveObjects: 0.495800 ms CreateObjectMapping: 0.162600 ms MarkObjects: 2.355900 ms  DeleteObjects: 0.063600 ms)

AssetImportParameters requested are different than current active one (requested -> active):
  custom:video-decoder-ogg-theora: a1e56fd34408186e4bbccfd4996cb3dc -> 
  custom:container-muxer-webm: aa71ff27fc2769a1b78a27578f13a17b -> 
  custom:container-demuxer-webm: 4f35f7cbe854078d1ac9338744f61a02 -> 
  custom:video-encoder-webm-vp8: eb34c28f22e8b96e1ab97ce403110664 -> 
  custom:audio-encoder-webm-vorbis: bf7c407c2cedff20999df2af8eb42d56 -> 
  custom:framework-win-MediaFoundation: 216162199b28c13a410421893ffa2e32 -> 
  custom:container-demuxer-ogg: 62fdf1f143b41e24485cea50d1cbac27 -> 
  custom:video-decoder-webm-vp8: 9c59270c3fd7afecdb556c50c9e8de78 -> 
  custom:audio-decoder-ogg-vorbis: bf7c407c2cedff20999df2af8eb42d56 -> 
Editor requested this worker to shutdown with reason: Scaling down because of idle timeout
AssetImportWorker is now disconnected from the server
Process exiting
Exiting without the bug reporter. Application will terminate with return code 0