Using pre-set license
Built from '2021.3/staging' branch; Version is '2021.3.6f1 (7da38d85baf6) revision 8233869'; Using compiler version '192829333'; Build Type 'Release'
OS: 'Windows 11  (10.0.22621) 64bit Core' Language: 'en' Physical Memory: 16224 MB
BatchMode: 1, IsHumanControllingUs: 0, StartBugReporterOnCrash: 0, Is64bit: 1, IsPro: 1

COMMAND LINE ARGUMENTS:
C:\Program Files\Unity\Hub\Editor\2021.3.6f1\Editor\Unity.exe
-adb2
-batchMode
-noUpm
-name
AssetImportWorker6
-projectPath
C:/Users/carso/OneDrive/Desktop/Unity Games/JurassicParkGame/Jurassic Park Game
-logFile
Logs/AssetImportWorker6.log
-srvPort
55272
Successfully changed project path to: C:/Users/carso/OneDrive/Desktop/Unity Games/JurassicParkGame/Jurassic Park Game
C:/Users/carso/OneDrive/Desktop/Unity Games/JurassicParkGame/Jurassic Park Game
[UnityMemory] Configuration Parameters - Can be set up in boot.config
    "memorysetup-bucket-allocator-granularity=16"
    "memorysetup-bucket-allocator-bucket-count=8"
    "memorysetup-bucket-allocator-block-size=33554432"
    "memorysetup-bucket-allocator-block-count=8"
    "memorysetup-main-allocator-block-size=16777216"
    "memorysetup-thread-allocator-block-size=16777216"
    "memorysetup-gfx-main-allocator-block-size=16777216"
    "memorysetup-gfx-thread-allocator-block-size=16777216"
    "memorysetup-cache-allocator-block-size=4194304"
    "memorysetup-typetree-allocator-block-size=2097152"
    "memorysetup-profiler-bucket-allocator-granularity=16"
    "memorysetup-profiler-bucket-allocator-bucket-count=8"
    "memorysetup-profiler-bucket-allocator-block-size=33554432"
    "memorysetup-profiler-bucket-allocator-block-count=8"
    "memorysetup-profiler-allocator-block-size=16777216"
    "memorysetup-profiler-editor-allocator-block-size=1048576"
    "memorysetup-temp-allocator-size-main=16777216"
    "memorysetup-job-temp-allocator-block-size=2097152"
    "memorysetup-job-temp-allocator-block-size-background=1048576"
    "memorysetup-job-temp-allocator-reduction-small-platforms=262144"
    "memorysetup-temp-allocator-size-background-worker=32768"
    "memorysetup-temp-allocator-size-job-worker=262144"
    "memorysetup-temp-allocator-size-preload-manager=33554432"
    "memorysetup-temp-allocator-size-nav-mesh-worker=65536"
    "memorysetup-temp-allocator-size-audio-worker=65536"
    "memorysetup-temp-allocator-size-cloud-worker=32768"
    "memorysetup-temp-allocator-size-gi-baking-worker=262144"
    "memorysetup-temp-allocator-size-gfx=262144"
Refreshing native plugins compatible for Editor in 65.71 ms, found 4 plugins.
Preloading 0 native plugins for Editor in 0.00 ms.
Initialize engine version: 2021.3.6f1 (7da38d85baf6)
[Subsystems] Discovering subsystems at path C:/Program Files/Unity/Hub/Editor/2021.3.6f1/Editor/Data/Resources/UnitySubsystems
[Subsystems] Discovering subsystems at path C:/Users/carso/OneDrive/Desktop/Unity Games/JurassicParkGame/Jurassic Park Game/Assets
GfxDevice: creating device client; threaded=0; jobified=0
Direct3D:
    Version:  Direct3D 11.0 [level 11.1]
    Renderer: NVIDIA GeForce RTX 3060 Ti (ID=0x2489)
    Vendor:   NVIDIA
    VRAM:     8050 MB
    Driver:   31.0.15.1694
Initialize mono
Mono path[0] = 'C:/Program Files/Unity/Hub/Editor/2021.3.6f1/Editor/Data/Managed'
Mono path[1] = 'C:/Program Files/Unity/Hub/Editor/2021.3.6f1/Editor/Data/MonoBleedingEdge/lib/mono/unityjit-win32'
Mono config path = 'C:/Program Files/Unity/Hub/Editor/2021.3.6f1/Editor/Data/MonoBleedingEdge/etc'
Using monoOptions --debugger-agent=transport=dt_socket,embedding=1,server=y,suspend=n,address=127.0.0.1:56724
Begin MonoManager ReloadAssembly
Registering precompiled unity dll's ...
Register platform support module: C:/Program Files/Unity/Hub/Editor/2021.3.6f1/Editor/Data/PlaybackEngines/WindowsStandaloneSupport/UnityEditor.WindowsStandalone.Extensions.dll
Registered in 0.003003 seconds.
Native extension for WindowsStandalone target not found
Refreshing native plugins compatible for Editor in 58.94 ms, found 4 plugins.
Preloading 0 native plugins for Editor in 0.00 ms.
Mono: successfully reloaded assembly
- Completed reload, in  0.415 seconds
Domain Reload Profiling:
	ReloadAssembly (415ms)
		BeginReloadAssembly (45ms)
			ExecutionOrderSort (0ms)
			DisableScriptedObjects (0ms)
			BackupInstance (0ms)
			ReleaseScriptingObjects (0ms)
			CreateAndSetChildDomain (0ms)
		EndReloadAssembly (299ms)
			LoadAssemblies (43ms)
			RebuildTransferFunctionScriptingTraits (0ms)
			SetupTypeCache (68ms)
			ReleaseScriptCaches (0ms)
			RebuildScriptCaches (15ms)
			SetupLoadedEditorAssemblies (182ms)
				LogAssemblyErrors (0ms)
				InitializePlatformSupportModulesInManaged (5ms)
				SetLoadedEditorAssemblies (0ms)
				RefreshPlugins (59ms)
				BeforeProcessingInitializeOnLoad (1ms)
				ProcessInitializeOnLoadAttributes (88ms)
				ProcessInitializeOnLoadMethodAttributes (30ms)
				AfterProcessingInitializeOnLoad (0ms)
				EditorAssembliesLoaded (0ms)
			ExecutionOrderSort2 (0ms)
			AwakeInstancesAfterBackupRestoration (0ms)
Platform modules already initialized, skipping
Registering precompiled user dll's ...
Registered in 0.004676 seconds.
Begin MonoManager ReloadAssembly
Symbol file LoadedFromMemory doesn't match image C:\Users\carso\OneDrive\Desktop\Unity Games\JurassicParkGame\Jurassic Park Game\Library\PackageCache\com.unity.visualscripting@1.8.0\Editor\VisualScripting.Core\Dependencies\YamlDotNet\Unity.VisualScripting.YamlDotNet.dll
Symbol file LoadedFromMemory doesn't match image C:\Users\carso\OneDrive\Desktop\Unity Games\JurassicParkGame\Jurassic Park Game\Library\PackageCache\com.unity.visualscripting@1.8.0\Editor\VisualScripting.Core\Dependencies\DotNetZip\Unity.VisualScripting.IonicZip.dll
Native extension for WindowsStandalone target not found
Refreshing native plugins compatible for Editor in 57.99 ms, found 4 plugins.
Preloading 0 native plugins for Editor in 0.00 ms.
Mono: successfully reloaded assembly
- Completed reload, in  0.746 seconds
Domain Reload Profiling:
	ReloadAssembly (746ms)
		BeginReloadAssembly (68ms)
			ExecutionOrderSort (0ms)
			DisableScriptedObjects (3ms)
			BackupInstance (0ms)
			ReleaseScriptingObjects (0ms)
			CreateAndSetChildDomain (13ms)
		EndReloadAssembly (605ms)
			LoadAssemblies (57ms)
			RebuildTransferFunctionScriptingTraits (0ms)
			SetupTypeCache (156ms)
			ReleaseScriptCaches (0ms)
			RebuildScriptCaches (37ms)
			SetupLoadedEditorAssemblies (323ms)
				LogAssemblyErrors (0ms)
				InitializePlatformSupportModulesInManaged (3ms)
				SetLoadedEditorAssemblies (0ms)
				RefreshPlugins (58ms)
				BeforeProcessingInitializeOnLoad (55ms)
				ProcessInitializeOnLoadAttributes (174ms)
				ProcessInitializeOnLoadMethodAttributes (28ms)
				AfterProcessingInitializeOnLoad (4ms)
				EditorAssembliesLoaded (0ms)
			ExecutionOrderSort2 (0ms)
			AwakeInstancesAfterBackupRestoration (4ms)
Platform modules already initialized, skipping
========================================================================
Worker process is ready to serve import requests
Launched and connected shader compiler UnityShaderCompiler.exe after 0.03 seconds
Refreshing native plugins compatible for Editor in 0.49 ms, found 4 plugins.
Preloading 0 native plugins for Editor in 0.00 ms.
Unloading 4226 Unused Serialized files (Serialized files now loaded: 0)
Unloading 51 unused Assets / (128.7 KB). Loaded Objects now: 4683.
Memory consumption went from 160.7 MB to 160.5 MB.
Total: 2.281900 ms (FindLiveObjects: 0.185500 ms CreateObjectMapping: 0.097900 ms MarkObjects: 1.929600 ms  DeleteObjects: 0.068100 ms)

AssetImportParameters requested are different than current active one (requested -> active):
  custom:video-decoder-ogg-theora: a1e56fd34408186e4bbccfd4996cb3dc -> 
  custom:container-muxer-webm: aa71ff27fc2769a1b78a27578f13a17b -> 
  custom:container-demuxer-webm: 4f35f7cbe854078d1ac9338744f61a02 -> 
  custom:video-encoder-webm-vp8: eb34c28f22e8b96e1ab97ce403110664 -> 
  custom:audio-encoder-webm-vorbis: bf7c407c2cedff20999df2af8eb42d56 -> 
  custom:framework-win-MediaFoundation: 216162199b28c13a410421893ffa2e32 -> 
  custom:container-demuxer-ogg: 62fdf1f143b41e24485cea50d1cbac27 -> 
  custom:video-decoder-webm-vp8: 9c59270c3fd7afecdb556c50c9e8de78 -> 
  custom:audio-decoder-ogg-vorbis: bf7c407c2cedff20999df2af8eb42d56 -> 
========================================================================
Received Import Request.
  Time since last request: 229369.420523 seconds.
  path: Assets/Game Sound Solutions - 8 bits Elements/laser shot/laser_shot_10.wav
  artifactKey: Guid(6c77ff68f402e4e708a0d483087cf863) Importer(815301076,1909f56bfc062723c751e8b465ee728b)
Start importing Assets/Game Sound Solutions - 8 bits Elements/laser shot/laser_shot_10.wav using Guid(6c77ff68f402e4e708a0d483087cf863) Importer(815301076,1909f56bfc062723c751e8b465ee728b)  -> (artifact id: '765f6b8701e6f03ffc3950707a28c516') in 0.091866 seconds 
========================================================================
Received Import Request.
  Time since last request: 0.000020 seconds.
  path: Assets/8-Bit Sfx/Wav/Pickup_03.wav
  artifactKey: Guid(f84f0603837c84e1faa015c8a85f5832) Importer(815301076,1909f56bfc062723c751e8b465ee728b)
Start importing Assets/8-Bit Sfx/Wav/Pickup_03.wav using Guid(f84f0603837c84e1faa015c8a85f5832) Importer(815301076,1909f56bfc062723c751e8b465ee728b)  -> (artifact id: 'b1ac7878683674d4bf85baa06d563ffd') in 0.018780 seconds 
========================================================================
Received Import Request.
  Time since last request: 0.000027 seconds.
  path: Assets/8-Bit Sfx/Mp3/Menu_Navigate_02.mp3
  artifactKey: Guid(1fa87f0c1ea7c4d999e93b332898cd4c) Importer(815301076,1909f56bfc062723c751e8b465ee728b)
Start importing Assets/8-Bit Sfx/Mp3/Menu_Navigate_02.mp3 using Guid(1fa87f0c1ea7c4d999e93b332898cd4c) Importer(815301076,1909f56bfc062723c751e8b465ee728b)  -> (artifact id: '9c80a9443f25989002e9a60060a35f35') in 0.017490 seconds 
========================================================================
Received Import Request.
  Time since last request: 0.000019 seconds.
  path: Assets/Game Sound Solutions - 8 bits Elements/powerup/powerup_2.wav
  artifactKey: Guid(6a1c983933aa94661a32c78db2888ae5) Importer(815301076,1909f56bfc062723c751e8b465ee728b)
Start importing Assets/Game Sound Solutions - 8 bits Elements/powerup/powerup_2.wav using Guid(6a1c983933aa94661a32c78db2888ae5) Importer(815301076,1909f56bfc062723c751e8b465ee728b)  -> (artifact id: '0217a30162ac2613cf633abaae6a5681') in 0.015586 seconds 
========================================================================
Received Import Request.
  Time since last request: 0.000017 seconds.
  path: Assets/Game Sound Solutions - 8 bits Elements/OTHER SOUND PACK DEMO/Zombie Voices Demo/super_zombie_eating_1.wav
  artifactKey: Guid(52d263e5f68944379a14034641059a2f) Importer(815301076,1909f56bfc062723c751e8b465ee728b)
Start importing Assets/Game Sound Solutions - 8 bits Elements/OTHER SOUND PACK DEMO/Zombie Voices Demo/super_zombie_eating_1.wav using Guid(52d263e5f68944379a14034641059a2f) Importer(815301076,1909f56bfc062723c751e8b465ee728b)  -> (artifact id: 'd8cd17ece593738452265b105d8dae60') in 0.019330 seconds 
========================================================================
Received Import Request.
  Time since last request: 0.000023 seconds.
  path: Assets/8-Bit Sfx/Mp3/Menu_Navigate_00.mp3
  artifactKey: Guid(f32c95c96d480422ebf7072d3b788cff) Importer(815301076,1909f56bfc062723c751e8b465ee728b)
Start importing Assets/8-Bit Sfx/Mp3/Menu_Navigate_00.mp3 using Guid(f32c95c96d480422ebf7072d3b788cff) Importer(815301076,1909f56bfc062723c751e8b465ee728b)  -> (artifact id: '0cdd983db18e01a18a412cf1588e1c6c') in 0.021253 seconds 
========================================================================
Received Import Request.
  Time since last request: 0.000018 seconds.
  path: Assets/Game Sound Solutions - 8 bits Elements/OTHER SOUND PACK DEMO/Buttons Colletions Demo/marimba_1.wav
  artifactKey: Guid(6d11296d42bf34673b6254c268580da5) Importer(815301076,1909f56bfc062723c751e8b465ee728b)
Start importing Assets/Game Sound Solutions - 8 bits Elements/OTHER SOUND PACK DEMO/Buttons Colletions Demo/marimba_1.wav using Guid(6d11296d42bf34673b6254c268580da5) Importer(815301076,1909f56bfc062723c751e8b465ee728b)  -> (artifact id: '92518749d81753ad726f5928304b7af7') in 0.018738 seconds 
========================================================================
Received Import Request.
  Time since last request: 0.000018 seconds.
  path: Assets/Game Sound Solutions - 8 bits Elements/powerup/powerup_45.wav
  artifactKey: Guid(a0095573571d84008a6492cc11e7eb18) Importer(815301076,1909f56bfc062723c751e8b465ee728b)
Start importing Assets/Game Sound Solutions - 8 bits Elements/powerup/powerup_45.wav using Guid(a0095573571d84008a6492cc11e7eb18) Importer(815301076,1909f56bfc062723c751e8b465ee728b)  -> (artifact id: '53d9cd775f84570fc6902496e1f5c8d8') in 0.020251 seconds 
========================================================================
Received Import Request.
  Time since last request: 0.000017 seconds.
  path: Assets/Game Sound Solutions - 8 bits Elements/OTHER SOUND PACK DEMO/Weapons Demo/rocket_launcher2.wav
  artifactKey: Guid(09a1eb7114a464e0dbcbf5c73bcc3eb2) Importer(815301076,1909f56bfc062723c751e8b465ee728b)
Start importing Assets/Game Sound Solutions - 8 bits Elements/OTHER SOUND PACK DEMO/Weapons Demo/rocket_launcher2.wav using Guid(09a1eb7114a464e0dbcbf5c73bcc3eb2) Importer(815301076,1909f56bfc062723c751e8b465ee728b)  -> (artifact id: 'd0d529c328843807a5abcc6bf84b2500') in 0.018508 seconds 
========================================================================
Received Import Request.
  Time since last request: 0.000017 seconds.
  path: Assets/Game Sound Solutions - 8 bits Elements/powerup/powerup_43.wav
  artifactKey: Guid(c46702aad9acc4897835692930d83f56) Importer(815301076,1909f56bfc062723c751e8b465ee728b)
Start importing Assets/Game Sound Solutions - 8 bits Elements/powerup/powerup_43.wav using Guid(c46702aad9acc4897835692930d83f56) Importer(815301076,1909f56bfc062723c751e8b465ee728b)  -> (artifact id: '94843306b1748465d119967a1388bc3c') in 0.022032 seconds 
========================================================================
Received Import Request.
  Time since last request: 0.000028 seconds.
  path: Assets/8-Bit Sfx/Wav/Pickup_02.wav
  artifactKey: Guid(573379e26325b4b08ac38818236ca6c3) Importer(815301076,1909f56bfc062723c751e8b465ee728b)
Start importing Assets/8-Bit Sfx/Wav/Pickup_02.wav using Guid(573379e26325b4b08ac38818236ca6c3) Importer(815301076,1909f56bfc062723c751e8b465ee728b)  -> (artifact id: '07f7db2375a2df2f453b6b1604a0f7ca') in 0.025979 seconds 
========================================================================
Received Import Request.
  Time since last request: 0.000022 seconds.
  path: Assets/Game Sound Solutions - 8 bits Elements/OTHER SOUND PACK DEMO/Power Laser Guns Demo/LaserGun_68.wav
  artifactKey: Guid(afad6ed83b8bf49b0954762d7af2baf3) Importer(815301076,1909f56bfc062723c751e8b465ee728b)
Start importing Assets/Game Sound Solutions - 8 bits Elements/OTHER SOUND PACK DEMO/Power Laser Guns Demo/LaserGun_68.wav using Guid(afad6ed83b8bf49b0954762d7af2baf3) Importer(815301076,1909f56bfc062723c751e8b465ee728b)  -> (artifact id: '61f86615115abc357d2ab9cd52e2dc26') in 0.020271 seconds 
========================================================================
Received Import Request.
  Time since last request: 0.000037 seconds.
  path: Assets/Game Sound Solutions - 8 bits Elements/powerup/powerup_10.wav
  artifactKey: Guid(f8b332255e432466bbea7faf598190d0) Importer(815301076,1909f56bfc062723c751e8b465ee728b)
Start importing Assets/Game Sound Solutions - 8 bits Elements/powerup/powerup_10.wav using Guid(f8b332255e432466bbea7faf598190d0) Importer(815301076,1909f56bfc062723c751e8b465ee728b)  -> (artifact id: '721f7d912b33e03908048af3e73c8120') in 0.023791 seconds 
========================================================================
Received Import Request.
  Time since last request: 0.000047 seconds.
  path: Assets/Game Sound Solutions - 8 bits Elements/powerup/powerup_21.wav
  artifactKey: Guid(5226d043dce3d43e2ac3ee83f3e28187) Importer(815301076,1909f56bfc062723c751e8b465ee728b)
Start importing Assets/Game Sound Solutions - 8 bits Elements/powerup/powerup_21.wav using Guid(5226d043dce3d43e2ac3ee83f3e28187) Importer(815301076,1909f56bfc062723c751e8b465ee728b)  -> (artifact id: '2b9cf1683c62c3553f4add13594beea0') in 0.019874 seconds 
========================================================================
Received Import Request.
  Time since last request: 0.000021 seconds.
  path: Assets/Game Sound Solutions - 8 bits Elements/ramdomize/randomize_12.wav
  artifactKey: Guid(055c05c9df84a4133aa59db9a5424e73) Importer(815301076,1909f56bfc062723c751e8b465ee728b)
Start importing Assets/Game Sound Solutions - 8 bits Elements/ramdomize/randomize_12.wav using Guid(055c05c9df84a4133aa59db9a5424e73) Importer(815301076,1909f56bfc062723c751e8b465ee728b)  -> (artifact id: 'ff67ca85bbc66ed6469c718e0488627e') in 0.019029 seconds 
========================================================================
Received Import Request.
  Time since last request: 0.000030 seconds.
  path: Assets/Game Sound Solutions - 8 bits Elements/OTHER SOUND PACK DEMO/Magic Demo/Magic_11.wav
  artifactKey: Guid(8b3db3433fef7479fb7859a8cc4bfc0e) Importer(815301076,1909f56bfc062723c751e8b465ee728b)
Start importing Assets/Game Sound Solutions - 8 bits Elements/OTHER SOUND PACK DEMO/Magic Demo/Magic_11.wav using Guid(8b3db3433fef7479fb7859a8cc4bfc0e) Importer(815301076,1909f56bfc062723c751e8b465ee728b)  -> (artifact id: 'c21b629dc9e065d230e500146ebbdb7f') in 0.018048 seconds 
========================================================================
Received Import Request.
  Time since last request: 0.000023 seconds.
  path: Assets/Game Sound Solutions - 8 bits Elements/OTHER SOUND PACK DEMO/Voices Expressions Demo/Sweet_1.wav
  artifactKey: Guid(a4352fc0dc70b47c0b012b3c9591e296) Importer(815301076,1909f56bfc062723c751e8b465ee728b)
Start importing Assets/Game Sound Solutions - 8 bits Elements/OTHER SOUND PACK DEMO/Voices Expressions Demo/Sweet_1.wav using Guid(a4352fc0dc70b47c0b012b3c9591e296) Importer(815301076,1909f56bfc062723c751e8b465ee728b)  -> (artifact id: 'afa033e370651d8757c81943ad75212c') in 0.016241 seconds 
========================================================================
Received Import Request.
  Time since last request: 0.000022 seconds.
  path: Assets/Game Sound Solutions - 8 bits Elements/OTHER SOUND PACK DEMO/Match 3 Elements Demo/Marimba_levelUp_6.wav
  artifactKey: Guid(6aa54fa94210d469f843d1c6351a0fa3) Importer(815301076,1909f56bfc062723c751e8b465ee728b)
Start importing Assets/Game Sound Solutions - 8 bits Elements/OTHER SOUND PACK DEMO/Match 3 Elements Demo/Marimba_levelUp_6.wav using Guid(6aa54fa94210d469f843d1c6351a0fa3) Importer(815301076,1909f56bfc062723c751e8b465ee728b)  -> (artifact id: 'a56fb60b9db4ad9087c1487afb24ba8d') in 0.014575 seconds 
========================================================================
Received Import Request.
  Time since last request: 0.000019 seconds.
  path: Assets/Game Sound Solutions - 8 bits Elements/powerup/powerup_30.wav
  artifactKey: Guid(c366cf57c162645d1a2ed123605c2852) Importer(815301076,1909f56bfc062723c751e8b465ee728b)
Start importing Assets/Game Sound Solutions - 8 bits Elements/powerup/powerup_30.wav using Guid(c366cf57c162645d1a2ed123605c2852) Importer(815301076,1909f56bfc062723c751e8b465ee728b)  -> (artifact id: 'e36f5ac3ee035f1acfca32701b9cb092') in 0.016369 seconds 
========================================================================
Received Import Request.
  Time since last request: 0.000018 seconds.
  path: Assets/Game Sound Solutions - 8 bits Elements/powerup/powerup_40.wav
  artifactKey: Guid(51c6962c1c5b345f2bb3eef2489ce619) Importer(815301076,1909f56bfc062723c751e8b465ee728b)
Start importing Assets/Game Sound Solutions - 8 bits Elements/powerup/powerup_40.wav using Guid(51c6962c1c5b345f2bb3eef2489ce619) Importer(815301076,1909f56bfc062723c751e8b465ee728b)  -> (artifact id: 'c23f9abb15a016398a4b699a5ab304f4') in 0.015314 seconds 
========================================================================
Received Import Request.
  Time since last request: 0.000019 seconds.
  path: Assets/Game Sound Solutions - 8 bits Elements/powerup/powerup_34.wav
  artifactKey: Guid(c1b3044313c5844e2acc127fd8e728d5) Importer(815301076,1909f56bfc062723c751e8b465ee728b)
Start importing Assets/Game Sound Solutions - 8 bits Elements/powerup/powerup_34.wav using Guid(c1b3044313c5844e2acc127fd8e728d5) Importer(815301076,1909f56bfc062723c751e8b465ee728b)  -> (artifact id: 'c64138165c03e8e6bca44ef81b2856d6') in 0.015413 seconds 
========================================================================
Received Import Request.
  Time since last request: 0.000024 seconds.
  path: Assets/Game Sound Solutions - 8 bits Elements/powerup/powerup_26.wav
  artifactKey: Guid(4a7501c326e974240a39ea2d10d0436f) Importer(815301076,1909f56bfc062723c751e8b465ee728b)
Start importing Assets/Game Sound Solutions - 8 bits Elements/powerup/powerup_26.wav using Guid(4a7501c326e974240a39ea2d10d0436f) Importer(815301076,1909f56bfc062723c751e8b465ee728b)  -> (artifact id: 'dc8fda79f987ab6d7cdb03f208196261') in 0.016927 seconds 
========================================================================
Received Import Request.
  Time since last request: 0.000030 seconds.
  path: Assets/8-Bit Sfx/Wav/Open_01.wav
  artifactKey: Guid(887527ca823ee4cefb250bbaa3453e1d) Importer(815301076,1909f56bfc062723c751e8b465ee728b)
Start importing Assets/8-Bit Sfx/Wav/Open_01.wav using Guid(887527ca823ee4cefb250bbaa3453e1d) Importer(815301076,1909f56bfc062723c751e8b465ee728b)  -> (artifact id: '01f857a1b4f5fb1b38aa77add3f90bf3') in 0.014715 seconds 
========================================================================
Received Import Request.
  Time since last request: 0.000017 seconds.
  path: Assets/Game Sound Solutions - 8 bits Elements/OTHER SOUND PACK DEMO/Power Laser Guns Demo/LaserGun_24.wav
  artifactKey: Guid(129501449f2184c659be7938a846b93d) Importer(815301076,1909f56bfc062723c751e8b465ee728b)
Start importing Assets/Game Sound Solutions - 8 bits Elements/OTHER SOUND PACK DEMO/Power Laser Guns Demo/LaserGun_24.wav using Guid(129501449f2184c659be7938a846b93d) Importer(815301076,1909f56bfc062723c751e8b465ee728b)  -> (artifact id: 'aee44ef0b4141b103a03e7a08db1a33e') in 0.015170 seconds 
========================================================================
Received Import Request.
  Time since last request: 0.000021 seconds.
  path: Assets/Game Sound Solutions - 8 bits Elements/OTHER SOUND PACK DEMO/Power Laser Guns Demo/Plasm_gun41.wav
  artifactKey: Guid(23d3cca1f9d87428c80f8cd061f8ca74) Importer(815301076,1909f56bfc062723c751e8b465ee728b)
Start importing Assets/Game Sound Solutions - 8 bits Elements/OTHER SOUND PACK DEMO/Power Laser Guns Demo/Plasm_gun41.wav using Guid(23d3cca1f9d87428c80f8cd061f8ca74) Importer(815301076,1909f56bfc062723c751e8b465ee728b)  -> (artifact id: 'c79ec9c17f0f39cd714eae3e680405d7') in 0.014790 seconds 
========================================================================
Received Import Request.
  Time since last request: 0.000022 seconds.
  path: Assets/Game Sound Solutions - 8 bits Elements/OTHER SOUND PACK DEMO/Nightmare ambiences Demo/RareNoise_1.wav
  artifactKey: Guid(8eabfe96f275b40c7936358ff17e09d7) Importer(815301076,1909f56bfc062723c751e8b465ee728b)
Start importing Assets/Game Sound Solutions - 8 bits Elements/OTHER SOUND PACK DEMO/Nightmare ambiences Demo/RareNoise_1.wav using Guid(8eabfe96f275b40c7936358ff17e09d7) Importer(815301076,1909f56bfc062723c751e8b465ee728b)  -> (artifact id: '91da83b06f08a0080cde09ce821d39f7') in 0.014349 seconds 
========================================================================
Received Import Request.
  Time since last request: 0.000019 seconds.
  path: Assets/Game Sound Solutions - 8 bits Elements/powerup/powerup_15.wav
  artifactKey: Guid(e7307cc4d04404304a7c695958a2648d) Importer(815301076,1909f56bfc062723c751e8b465ee728b)
Start importing Assets/Game Sound Solutions - 8 bits Elements/powerup/powerup_15.wav using Guid(e7307cc4d04404304a7c695958a2648d) Importer(815301076,1909f56bfc062723c751e8b465ee728b)  -> (artifact id: '3f84114656aaa2384f72caafd0f9ed20') in 0.015126 seconds 
========================================================================
Received Import Request.
  Time since last request: 0.000016 seconds.
  path: Assets/Game Sound Solutions - 8 bits Elements/ramdomize/randomize_17.wav
  artifactKey: Guid(d2ef94fd9745a4d76b86a074f11cd1f5) Importer(815301076,1909f56bfc062723c751e8b465ee728b)
Start importing Assets/Game Sound Solutions - 8 bits Elements/ramdomize/randomize_17.wav using Guid(d2ef94fd9745a4d76b86a074f11cd1f5) Importer(815301076,1909f56bfc062723c751e8b465ee728b)  -> (artifact id: '2a5b5a1564e020fb74dee7056006eff8') in 0.013839 seconds 
========================================================================
Received Import Request.
  Time since last request: 0.000017 seconds.
  path: Assets/8-Bit Sfx/Mp3/Pickup_01.mp3
  artifactKey: Guid(03e873d7b39174750ac766510f9e503f) Importer(815301076,1909f56bfc062723c751e8b465ee728b)
Start importing Assets/8-Bit Sfx/Mp3/Pickup_01.mp3 using Guid(03e873d7b39174750ac766510f9e503f) Importer(815301076,1909f56bfc062723c751e8b465ee728b)  -> (artifact id: 'f026eea3224f1bc1270c951b70e6b1cf') in 0.013590 seconds 
========================================================================
Received Import Request.
  Time since last request: 0.000017 seconds.
  path: Assets/8-Bit Sfx/Mp3/Pickup_03.mp3
  artifactKey: Guid(544b7d9e8b4ea4950a292189118a3c0b) Importer(815301076,1909f56bfc062723c751e8b465ee728b)
Start importing Assets/8-Bit Sfx/Mp3/Pickup_03.mp3 using Guid(544b7d9e8b4ea4950a292189118a3c0b) Importer(815301076,1909f56bfc062723c751e8b465ee728b)  -> (artifact id: 'd4362099765a7e2ce95e84823b73aca4') in 0.015679 seconds 
========================================================================
Received Import Request.
  Time since last request: 0.000022 seconds.
  path: Assets/Game Sound Solutions - 8 bits Elements/powerup/powerup_1.wav
  artifactKey: Guid(d07da7a1e41ad45c79bcaa11ca8109ba) Importer(815301076,1909f56bfc062723c751e8b465ee728b)
Start importing Assets/Game Sound Solutions - 8 bits Elements/powerup/powerup_1.wav using Guid(d07da7a1e41ad45c79bcaa11ca8109ba) Importer(815301076,1909f56bfc062723c751e8b465ee728b)  -> (artifact id: 'f7ee0945278cedf67292b3e96ade6f47') in 0.014020 seconds 
========================================================================
Received Import Request.
  Time since last request: 0.000017 seconds.
  path: Assets/Game Sound Solutions - 8 bits Elements/powerup/powerup_8.wav
  artifactKey: Guid(395d4038a87dd48a8871eeae233d3233) Importer(815301076,1909f56bfc062723c751e8b465ee728b)
Start importing Assets/Game Sound Solutions - 8 bits Elements/powerup/powerup_8.wav using Guid(395d4038a87dd48a8871eeae233d3233) Importer(815301076,1909f56bfc062723c751e8b465ee728b)  -> (artifact id: '3262bb1a60fad18b06b56f2fe082e9de') in 0.015690 seconds 
========================================================================
Received Import Request.
  Time since last request: 0.000026 seconds.
  path: Assets/All Files/Audio/Quest Complete.wav
  artifactKey: Guid(d88a197d7751c9a448eea078220825db) Importer(815301076,1909f56bfc062723c751e8b465ee728b)
Start importing Assets/All Files/Audio/Quest Complete.wav using Guid(d88a197d7751c9a448eea078220825db) Importer(815301076,1909f56bfc062723c751e8b465ee728b)  -> (artifact id: 'be024c94239ffb62db9d531605cce233') in 0.015747 seconds 
========================================================================
Received Import Request.
  Time since last request: 0.000020 seconds.
  path: Assets/Game Sound Solutions - 8 bits Elements/OTHER SOUND PACK DEMO/Magic Demo/Magic_1_1.wav
  artifactKey: Guid(cee55c257fba34064ab25b7bb837dc94) Importer(815301076,1909f56bfc062723c751e8b465ee728b)
Start importing Assets/Game Sound Solutions - 8 bits Elements/OTHER SOUND PACK DEMO/Magic Demo/Magic_1_1.wav using Guid(cee55c257fba34064ab25b7bb837dc94) Importer(815301076,1909f56bfc062723c751e8b465ee728b)  -> (artifact id: '1715186af13914773024fd4f22cf29a9') in 0.013427 seconds 
========================================================================
Received Import Request.
  Time since last request: 0.000027 seconds.
  path: Assets/Game Sound Solutions - 8 bits Elements/powerup/powerup_23.wav
  artifactKey: Guid(7c82b3d1beef04f8cad66e47504a42a3) Importer(815301076,1909f56bfc062723c751e8b465ee728b)
Start importing Assets/Game Sound Solutions - 8 bits Elements/powerup/powerup_23.wav using Guid(7c82b3d1beef04f8cad66e47504a42a3) Importer(815301076,1909f56bfc062723c751e8b465ee728b)  -> (artifact id: 'f9cc41ebd34f8f0a2a1588d43854b897') in 0.017094 seconds 
========================================================================
Received Import Request.
  Time since last request: 2.741432 seconds.
  path: Assets/Game Sound Solutions - 8 bits Elements/beep/beep_8.wav
  artifactKey: Guid(56e18f723ce814873b93dd737aa16aba) Importer(815301076,1909f56bfc062723c751e8b465ee728b)
Start importing Assets/Game Sound Solutions - 8 bits Elements/beep/beep_8.wav using Guid(56e18f723ce814873b93dd737aa16aba) Importer(815301076,1909f56bfc062723c751e8b465ee728b)  -> (artifact id: 'f7fb037be7da5c5d878bf52e04550c92') in 0.019138 seconds 
========================================================================
Received Import Request.
  Time since last request: 0.000020 seconds.
  path: Assets/Game Sound Solutions - 8 bits Elements/OTHER SOUND PACK DEMO/Match 3 Elements Demo/Jewel_hit_8.wav
  artifactKey: Guid(5b703f8c5e7f64a62bc421a0b8c96d07) Importer(815301076,1909f56bfc062723c751e8b465ee728b)
Start importing Assets/Game Sound Solutions - 8 bits Elements/OTHER SOUND PACK DEMO/Match 3 Elements Demo/Jewel_hit_8.wav using Guid(5b703f8c5e7f64a62bc421a0b8c96d07) Importer(815301076,1909f56bfc062723c751e8b465ee728b)  -> (artifact id: 'b36b50e7b5a012dd2334a2bfd99f9840') in 0.015636 seconds 
========================================================================
Received Prepare
Registering precompiled user dll's ...
Registered in 0.008877 seconds.
Begin MonoManager ReloadAssembly
Symbol file LoadedFromMemory doesn't match image C:\Users\carso\OneDrive\Desktop\Unity Games\JurassicParkGame\Jurassic Park Game\Library\PackageCache\com.unity.visualscripting@1.8.0\Editor\VisualScripting.Core\Dependencies\YamlDotNet\Unity.VisualScripting.YamlDotNet.dll
Symbol file LoadedFromMemory doesn't match image C:\Users\carso\OneDrive\Desktop\Unity Games\JurassicParkGame\Jurassic Park Game\Library\PackageCache\com.unity.visualscripting@1.8.0\Editor\VisualScripting.Core\Dependencies\DotNetZip\Unity.VisualScripting.IonicZip.dll
Native extension for WindowsStandalone target not found
Refreshing native plugins compatible for Editor in 0.55 ms, found 4 plugins.
Preloading 0 native plugins for Editor in 0.00 ms.
Mono: successfully reloaded assembly
- Completed reload, in  0.830 seconds
Domain Reload Profiling:
	ReloadAssembly (831ms)
		BeginReloadAssembly (111ms)
			ExecutionOrderSort (0ms)
			DisableScriptedObjects (4ms)
			BackupInstance (0ms)
			ReleaseScriptingObjects (0ms)
			CreateAndSetChildDomain (32ms)
		EndReloadAssembly (639ms)
			LoadAssemblies (78ms)
			RebuildTransferFunctionScriptingTraits (0ms)
			SetupTypeCache (208ms)
			ReleaseScriptCaches (2ms)
			RebuildScriptCaches (40ms)
			SetupLoadedEditorAssemblies (281ms)
				LogAssemblyErrors (0ms)
				InitializePlatformSupportModulesInManaged (11ms)
				SetLoadedEditorAssemblies (0ms)
				RefreshPlugins (1ms)
				BeforeProcessingInitializeOnLoad (53ms)
				ProcessInitializeOnLoadAttributes (179ms)
				ProcessInitializeOnLoadMethodAttributes (32ms)
				AfterProcessingInitializeOnLoad (4ms)
				EditorAssembliesLoaded (0ms)
			ExecutionOrderSort2 (0ms)
			AwakeInstancesAfterBackupRestoration (6ms)
Platform modules already initialized, skipping
Refreshing native plugins compatible for Editor in 1.53 ms, found 4 plugins.
Preloading 0 native plugins for Editor in 0.00 ms.
Unloading 4205 Unused Serialized files (Serialized files now loaded: 0)
Unloading 26 unused Assets / (95.5 KB). Loaded Objects now: 4706.
Memory consumption went from 163.4 MB to 163.3 MB.
Total: 2.208700 ms (FindLiveObjects: 0.176800 ms CreateObjectMapping: 0.090500 ms MarkObjects: 1.913600 ms  DeleteObjects: 0.026800 ms)

AssetImportParameters requested are different than current active one (requested -> active):
  custom:video-decoder-ogg-theora: a1e56fd34408186e4bbccfd4996cb3dc -> 
  custom:container-muxer-webm: aa71ff27fc2769a1b78a27578f13a17b -> 
  custom:container-demuxer-webm: 4f35f7cbe854078d1ac9338744f61a02 -> 
  custom:video-encoder-webm-vp8: eb34c28f22e8b96e1ab97ce403110664 -> 
  custom:audio-encoder-webm-vorbis: bf7c407c2cedff20999df2af8eb42d56 -> 
  custom:framework-win-MediaFoundation: 216162199b28c13a410421893ffa2e32 -> 
  custom:container-demuxer-ogg: 62fdf1f143b41e24485cea50d1cbac27 -> 
  custom:video-decoder-webm-vp8: 9c59270c3fd7afecdb556c50c9e8de78 -> 
  custom:audio-decoder-ogg-vorbis: bf7c407c2cedff20999df2af8eb42d56 -> 
========================================================================
Received Prepare
Registering precompiled user dll's ...
Registered in 0.004363 seconds.
Begin MonoManager ReloadAssembly
Symbol file LoadedFromMemory doesn't match image C:\Users\carso\OneDrive\Desktop\Unity Games\JurassicParkGame\Jurassic Park Game\Library\PackageCache\com.unity.visualscripting@1.8.0\Editor\VisualScripting.Core\Dependencies\YamlDotNet\Unity.VisualScripting.YamlDotNet.dll
Symbol file LoadedFromMemory doesn't match image C:\Users\carso\OneDrive\Desktop\Unity Games\JurassicParkGame\Jurassic Park Game\Library\PackageCache\com.unity.visualscripting@1.8.0\Editor\VisualScripting.Core\Dependencies\DotNetZip\Unity.VisualScripting.IonicZip.dll
Native extension for WindowsStandalone target not found
Refreshing native plugins compatible for Editor in 0.70 ms, found 4 plugins.
Preloading 0 native plugins for Editor in 0.00 ms.
Mono: successfully reloaded assembly
- Completed reload, in  0.788 seconds
Domain Reload Profiling:
	ReloadAssembly (789ms)
		BeginReloadAssembly (92ms)
			ExecutionOrderSort (0ms)
			DisableScriptedObjects (3ms)
			BackupInstance (0ms)
			ReleaseScriptingObjects (0ms)
			CreateAndSetChildDomain (29ms)
		EndReloadAssembly (634ms)
			LoadAssemblies (59ms)
			RebuildTransferFunctionScriptingTraits (0ms)
			SetupTypeCache (197ms)
			ReleaseScriptCaches (2ms)
			RebuildScriptCaches (40ms)
			SetupLoadedEditorAssemblies (291ms)
				LogAssemblyErrors (0ms)
				InitializePlatformSupportModulesInManaged (10ms)
				SetLoadedEditorAssemblies (0ms)
				RefreshPlugins (1ms)
				BeforeProcessingInitializeOnLoad (58ms)
				ProcessInitializeOnLoadAttributes (186ms)
				ProcessInitializeOnLoadMethodAttributes (32ms)
				AfterProcessingInitializeOnLoad (5ms)
				EditorAssembliesLoaded (0ms)
			ExecutionOrderSort2 (0ms)
			AwakeInstancesAfterBackupRestoration (6ms)
Platform modules already initialized, skipping
Refreshing native plugins compatible for Editor in 3.00 ms, found 4 plugins.
Preloading 0 native plugins for Editor in 0.00 ms.
Unloading 4205 Unused Serialized files (Serialized files now loaded: 0)
Unloading 26 unused Assets / (95.4 KB). Loaded Objects now: 4721.
Memory consumption went from 163.4 MB to 163.3 MB.
Total: 2.545100 ms (FindLiveObjects: 0.254600 ms CreateObjectMapping: 0.130600 ms MarkObjects: 2.126400 ms  DeleteObjects: 0.032700 ms)

AssetImportParameters requested are different than current active one (requested -> active):
  custom:video-decoder-ogg-theora: a1e56fd34408186e4bbccfd4996cb3dc -> 
  custom:container-muxer-webm: aa71ff27fc2769a1b78a27578f13a17b -> 
  custom:container-demuxer-webm: 4f35f7cbe854078d1ac9338744f61a02 -> 
  custom:video-encoder-webm-vp8: eb34c28f22e8b96e1ab97ce403110664 -> 
  custom:audio-encoder-webm-vorbis: bf7c407c2cedff20999df2af8eb42d56 -> 
  custom:framework-win-MediaFoundation: 216162199b28c13a410421893ffa2e32 -> 
  custom:container-demuxer-ogg: 62fdf1f143b41e24485cea50d1cbac27 -> 
  custom:video-decoder-webm-vp8: 9c59270c3fd7afecdb556c50c9e8de78 -> 
  custom:audio-decoder-ogg-vorbis: bf7c407c2cedff20999df2af8eb42d56 -> 
Editor requested this worker to shutdown with reason: Scaling down because of idle timeout
AssetImportWorker is now disconnected from the server
Process exiting
Exiting without the bug reporter. Application will terminate with return code 0