Using pre-set license
Built from '2021.3/staging' branch; Version is '2021.3.6f1 (7da38d85baf6) revision 8233869'; Using compiler version '192829333'; Build Type 'Release'
OS: 'Windows 11  (10.0.22621) 64bit Core' Language: 'en' Physical Memory: 16224 MB
BatchMode: 1, IsHumanControllingUs: 0, StartBugReporterOnCrash: 0, Is64bit: 1, IsPro: 1

COMMAND LINE ARGUMENTS:
C:\Program Files\Unity\Hub\Editor\2021.3.6f1\Editor\Unity.exe
-adb2
-batchMode
-noUpm
-name
AssetImportWorker5
-projectPath
C:/Users/carso/OneDrive/Desktop/Unity Games/JurassicParkGame/Jurassic Park Game
-logFile
Logs/AssetImportWorker5.log
-srvPort
55272
Successfully changed project path to: C:/Users/carso/OneDrive/Desktop/Unity Games/JurassicParkGame/Jurassic Park Game
C:/Users/carso/OneDrive/Desktop/Unity Games/JurassicParkGame/Jurassic Park Game
[UnityMemory] Configuration Parameters - Can be set up in boot.config
    "memorysetup-bucket-allocator-granularity=16"
    "memorysetup-bucket-allocator-bucket-count=8"
    "memorysetup-bucket-allocator-block-size=33554432"
    "memorysetup-bucket-allocator-block-count=8"
    "memorysetup-main-allocator-block-size=16777216"
    "memorysetup-thread-allocator-block-size=16777216"
    "memorysetup-gfx-main-allocator-block-size=16777216"
    "memorysetup-gfx-thread-allocator-block-size=16777216"
    "memorysetup-cache-allocator-block-size=4194304"
    "memorysetup-typetree-allocator-block-size=2097152"
    "memorysetup-profiler-bucket-allocator-granularity=16"
    "memorysetup-profiler-bucket-allocator-bucket-count=8"
    "memorysetup-profiler-bucket-allocator-block-size=33554432"
    "memorysetup-profiler-bucket-allocator-block-count=8"
    "memorysetup-profiler-allocator-block-size=16777216"
    "memorysetup-profiler-editor-allocator-block-size=1048576"
    "memorysetup-temp-allocator-size-main=16777216"
    "memorysetup-job-temp-allocator-block-size=2097152"
    "memorysetup-job-temp-allocator-block-size-background=1048576"
    "memorysetup-job-temp-allocator-reduction-small-platforms=262144"
    "memorysetup-temp-allocator-size-background-worker=32768"
    "memorysetup-temp-allocator-size-job-worker=262144"
    "memorysetup-temp-allocator-size-preload-manager=33554432"
    "memorysetup-temp-allocator-size-nav-mesh-worker=65536"
    "memorysetup-temp-allocator-size-audio-worker=65536"
    "memorysetup-temp-allocator-size-cloud-worker=32768"
    "memorysetup-temp-allocator-size-gi-baking-worker=262144"
    "memorysetup-temp-allocator-size-gfx=262144"
Refreshing native plugins compatible for Editor in 65.66 ms, found 4 plugins.
Preloading 0 native plugins for Editor in 0.00 ms.
Initialize engine version: 2021.3.6f1 (7da38d85baf6)
[Subsystems] Discovering subsystems at path C:/Program Files/Unity/Hub/Editor/2021.3.6f1/Editor/Data/Resources/UnitySubsystems
[Subsystems] Discovering subsystems at path C:/Users/carso/OneDrive/Desktop/Unity Games/JurassicParkGame/Jurassic Park Game/Assets
GfxDevice: creating device client; threaded=0; jobified=0
Direct3D:
    Version:  Direct3D 11.0 [level 11.1]
    Renderer: NVIDIA GeForce RTX 3060 Ti (ID=0x2489)
    Vendor:   NVIDIA
    VRAM:     8050 MB
    Driver:   31.0.15.1694
Initialize mono
Mono path[0] = 'C:/Program Files/Unity/Hub/Editor/2021.3.6f1/Editor/Data/Managed'
Mono path[1] = 'C:/Program Files/Unity/Hub/Editor/2021.3.6f1/Editor/Data/MonoBleedingEdge/lib/mono/unityjit-win32'
Mono config path = 'C:/Program Files/Unity/Hub/Editor/2021.3.6f1/Editor/Data/MonoBleedingEdge/etc'
Using monoOptions --debugger-agent=transport=dt_socket,embedding=1,server=y,suspend=n,address=127.0.0.1:56676
Begin MonoManager ReloadAssembly
Registering precompiled unity dll's ...
Register platform support module: C:/Program Files/Unity/Hub/Editor/2021.3.6f1/Editor/Data/PlaybackEngines/WindowsStandaloneSupport/UnityEditor.WindowsStandalone.Extensions.dll
Registered in 0.003002 seconds.
Native extension for WindowsStandalone target not found
Refreshing native plugins compatible for Editor in 59.16 ms, found 4 plugins.
Preloading 0 native plugins for Editor in 0.00 ms.
Mono: successfully reloaded assembly
- Completed reload, in  0.415 seconds
Domain Reload Profiling:
	ReloadAssembly (415ms)
		BeginReloadAssembly (46ms)
			ExecutionOrderSort (0ms)
			DisableScriptedObjects (0ms)
			BackupInstance (0ms)
			ReleaseScriptingObjects (0ms)
			CreateAndSetChildDomain (1ms)
		EndReloadAssembly (299ms)
			LoadAssemblies (45ms)
			RebuildTransferFunctionScriptingTraits (0ms)
			SetupTypeCache (67ms)
			ReleaseScriptCaches (0ms)
			RebuildScriptCaches (16ms)
			SetupLoadedEditorAssemblies (182ms)
				LogAssemblyErrors (0ms)
				InitializePlatformSupportModulesInManaged (5ms)
				SetLoadedEditorAssemblies (0ms)
				RefreshPlugins (59ms)
				BeforeProcessingInitializeOnLoad (1ms)
				ProcessInitializeOnLoadAttributes (89ms)
				ProcessInitializeOnLoadMethodAttributes (28ms)
				AfterProcessingInitializeOnLoad (0ms)
				EditorAssembliesLoaded (0ms)
			ExecutionOrderSort2 (0ms)
			AwakeInstancesAfterBackupRestoration (0ms)
Platform modules already initialized, skipping
Registering precompiled user dll's ...
Registered in 0.004872 seconds.
Begin MonoManager ReloadAssembly
Symbol file LoadedFromMemory doesn't match image C:\Users\carso\OneDrive\Desktop\Unity Games\JurassicParkGame\Jurassic Park Game\Library\PackageCache\com.unity.visualscripting@1.8.0\Editor\VisualScripting.Core\Dependencies\YamlDotNet\Unity.VisualScripting.YamlDotNet.dll
Symbol file LoadedFromMemory doesn't match image C:\Users\carso\OneDrive\Desktop\Unity Games\JurassicParkGame\Jurassic Park Game\Library\PackageCache\com.unity.visualscripting@1.8.0\Editor\VisualScripting.Core\Dependencies\DotNetZip\Unity.VisualScripting.IonicZip.dll
Native extension for WindowsStandalone target not found
Refreshing native plugins compatible for Editor in 56.98 ms, found 4 plugins.
Preloading 0 native plugins for Editor in 0.00 ms.
Mono: successfully reloaded assembly
- Completed reload, in  0.748 seconds
Domain Reload Profiling:
	ReloadAssembly (748ms)
		BeginReloadAssembly (68ms)
			ExecutionOrderSort (0ms)
			DisableScriptedObjects (3ms)
			BackupInstance (0ms)
			ReleaseScriptingObjects (0ms)
			CreateAndSetChildDomain (13ms)
		EndReloadAssembly (607ms)
			LoadAssemblies (60ms)
			RebuildTransferFunctionScriptingTraits (0ms)
			SetupTypeCache (162ms)
			ReleaseScriptCaches (0ms)
			RebuildScriptCaches (37ms)
			SetupLoadedEditorAssemblies (318ms)
				LogAssemblyErrors (0ms)
				InitializePlatformSupportModulesInManaged (2ms)
				SetLoadedEditorAssemblies (0ms)
				RefreshPlugins (57ms)
				BeforeProcessingInitializeOnLoad (55ms)
				ProcessInitializeOnLoadAttributes (173ms)
				ProcessInitializeOnLoadMethodAttributes (27ms)
				AfterProcessingInitializeOnLoad (4ms)
				EditorAssembliesLoaded (0ms)
			ExecutionOrderSort2 (0ms)
			AwakeInstancesAfterBackupRestoration (4ms)
Platform modules already initialized, skipping
========================================================================
Worker process is ready to serve import requests
Launched and connected shader compiler UnityShaderCompiler.exe after 0.03 seconds
Refreshing native plugins compatible for Editor in 0.48 ms, found 4 plugins.
Preloading 0 native plugins for Editor in 0.00 ms.
Unloading 4226 Unused Serialized files (Serialized files now loaded: 0)
Unloading 51 unused Assets / (128.7 KB). Loaded Objects now: 4683.
Memory consumption went from 160.7 MB to 160.6 MB.
Total: 2.298700 ms (FindLiveObjects: 0.172200 ms CreateObjectMapping: 0.091200 ms MarkObjects: 1.940100 ms  DeleteObjects: 0.094500 ms)

AssetImportParameters requested are different than current active one (requested -> active):
  custom:video-decoder-ogg-theora: a1e56fd34408186e4bbccfd4996cb3dc -> 
  custom:container-muxer-webm: aa71ff27fc2769a1b78a27578f13a17b -> 
  custom:container-demuxer-webm: 4f35f7cbe854078d1ac9338744f61a02 -> 
  custom:video-encoder-webm-vp8: eb34c28f22e8b96e1ab97ce403110664 -> 
  custom:audio-encoder-webm-vorbis: bf7c407c2cedff20999df2af8eb42d56 -> 
  custom:framework-win-MediaFoundation: 216162199b28c13a410421893ffa2e32 -> 
  custom:container-demuxer-ogg: 62fdf1f143b41e24485cea50d1cbac27 -> 
  custom:video-decoder-webm-vp8: 9c59270c3fd7afecdb556c50c9e8de78 -> 
  custom:audio-decoder-ogg-vorbis: bf7c407c2cedff20999df2af8eb42d56 -> 
========================================================================
Received Import Request.
  Time since last request: 229369.420774 seconds.
  path: Assets/Game Sound Solutions - 8 bits Elements/laser shot/laser_shot_10.wa.wav
  artifactKey: Guid(ae6b25d6b43a8434da475db2960eceb5) Importer(815301076,1909f56bfc062723c751e8b465ee728b)
Start importing Assets/Game Sound Solutions - 8 bits Elements/laser shot/laser_shot_10.wa.wav using Guid(ae6b25d6b43a8434da475db2960eceb5) Importer(815301076,1909f56bfc062723c751e8b465ee728b)  -> (artifact id: 'd00049d2f518d35fd72e543b7eacec6a') in 0.097167 seconds 
========================================================================
Received Import Request.
  Time since last request: 0.000019 seconds.
  path: Assets/8-Bit Sfx/Mp3/Menu_Navigate_03.mp3
  artifactKey: Guid(6a80078f6fc6a42dfb959e3447ed72e3) Importer(815301076,1909f56bfc062723c751e8b465ee728b)
Start importing Assets/8-Bit Sfx/Mp3/Menu_Navigate_03.mp3 using Guid(6a80078f6fc6a42dfb959e3447ed72e3) Importer(815301076,1909f56bfc062723c751e8b465ee728b)  -> (artifact id: '89dccc0a680aabab7f3c9539add1c579') in 0.016464 seconds 
========================================================================
Received Import Request.
  Time since last request: 0.000029 seconds.
  path: Assets/Game Sound Solutions - 8 bits Elements/ramdomize/randomize_2.wav
  artifactKey: Guid(fd6369668f9a74e65afa16b72122bd10) Importer(815301076,1909f56bfc062723c751e8b465ee728b)
Start importing Assets/Game Sound Solutions - 8 bits Elements/ramdomize/randomize_2.wav using Guid(fd6369668f9a74e65afa16b72122bd10) Importer(815301076,1909f56bfc062723c751e8b465ee728b)  -> (artifact id: '99e022d8e8c026890b647103e566208f') in 0.016703 seconds 
========================================================================
Received Import Request.
  Time since last request: 0.000020 seconds.
  path: Assets/Game Sound Solutions - 8 bits Elements/OTHER SOUND PACK DEMO/Match 3 Elements Demo/marble_tic_wood_1.wav
  artifactKey: Guid(0ffb9602471e746c4a188f4ff2b2c39c) Importer(815301076,1909f56bfc062723c751e8b465ee728b)
Start importing Assets/Game Sound Solutions - 8 bits Elements/OTHER SOUND PACK DEMO/Match 3 Elements Demo/marble_tic_wood_1.wav using Guid(0ffb9602471e746c4a188f4ff2b2c39c) Importer(815301076,1909f56bfc062723c751e8b465ee728b)  -> (artifact id: '333625443d065aaa7b3930ef293be344') in 0.015404 seconds 
========================================================================
Received Import Request.
  Time since last request: 0.000019 seconds.
  path: Assets/8-Bit Sfx/Wav/Shoot_00.wav
  artifactKey: Guid(9a0f09a1a65c449288e7b9593b109cbf) Importer(815301076,1909f56bfc062723c751e8b465ee728b)
Start importing Assets/8-Bit Sfx/Wav/Shoot_00.wav using Guid(9a0f09a1a65c449288e7b9593b109cbf) Importer(815301076,1909f56bfc062723c751e8b465ee728b)  -> (artifact id: '92aae65286bf0aaee7fb8145691ae935') in 0.013693 seconds 
========================================================================
Received Import Request.
  Time since last request: 0.000023 seconds.
  path: Assets/Game Sound Solutions - 8 bits Elements/powerup/powerup_7.wav
  artifactKey: Guid(e5e3cfd5e57da49b093e9d16900d6210) Importer(815301076,1909f56bfc062723c751e8b465ee728b)
Start importing Assets/Game Sound Solutions - 8 bits Elements/powerup/powerup_7.wav using Guid(e5e3cfd5e57da49b093e9d16900d6210) Importer(815301076,1909f56bfc062723c751e8b465ee728b)  -> (artifact id: 'cdfc4d94db742dbd2457352cf0b3b5b5') in 0.021437 seconds 
========================================================================
Received Import Request.
  Time since last request: 0.000018 seconds.
  path: Assets/Game Sound Solutions - 8 bits Elements/powerup/powerup_5.wav
  artifactKey: Guid(91daf65c6f4b34601987b01c16ee394c) Importer(815301076,1909f56bfc062723c751e8b465ee728b)
Start importing Assets/Game Sound Solutions - 8 bits Elements/powerup/powerup_5.wav using Guid(91daf65c6f4b34601987b01c16ee394c) Importer(815301076,1909f56bfc062723c751e8b465ee728b)  -> (artifact id: '6cce020d75ad35d7b5a4267f30cff7a8') in 0.017955 seconds 
========================================================================
Received Import Request.
  Time since last request: 0.000023 seconds.
  path: Assets/Game Sound Solutions - 8 bits Elements/powerup/powerup_14.wav
  artifactKey: Guid(97986232207f846439728e0ea3b2a6a7) Importer(815301076,1909f56bfc062723c751e8b465ee728b)
Start importing Assets/Game Sound Solutions - 8 bits Elements/powerup/powerup_14.wav using Guid(97986232207f846439728e0ea3b2a6a7) Importer(815301076,1909f56bfc062723c751e8b465ee728b)  -> (artifact id: '3d059ee82dbe9e079c6cd97f3b2f9303') in 0.018468 seconds 
========================================================================
Received Import Request.
  Time since last request: 0.000019 seconds.
  path: Assets/Game Sound Solutions - 8 bits Elements/OTHER SOUND PACK DEMO/Power Laser Guns Demo/Plasm_gun27.wav
  artifactKey: Guid(f5e32a73a903546a5b9e2283d313858f) Importer(815301076,1909f56bfc062723c751e8b465ee728b)
Start importing Assets/Game Sound Solutions - 8 bits Elements/OTHER SOUND PACK DEMO/Power Laser Guns Demo/Plasm_gun27.wav using Guid(f5e32a73a903546a5b9e2283d313858f) Importer(815301076,1909f56bfc062723c751e8b465ee728b)  -> (artifact id: 'ead97669f4af98a13b4f1084836af33c') in 0.017915 seconds 
========================================================================
Received Import Request.
  Time since last request: 0.000018 seconds.
  path: Assets/Game Sound Solutions - 8 bits Elements/laser shot/laser_shot_11.wav
  artifactKey: Guid(7821d11a42eae4b839cc23092fd00c9f) Importer(815301076,1909f56bfc062723c751e8b465ee728b)
Start importing Assets/Game Sound Solutions - 8 bits Elements/laser shot/laser_shot_11.wav using Guid(7821d11a42eae4b839cc23092fd00c9f) Importer(815301076,1909f56bfc062723c751e8b465ee728b)  -> (artifact id: '85b6a8a764fc938e83a3de91cf4f72d6') in 0.026291 seconds 
========================================================================
Received Import Request.
  Time since last request: 0.000017 seconds.
  path: Assets/8-Bit Sfx/Mp3/Menu_Navigate_01.mp3
  artifactKey: Guid(4509a6078ed9c4923a49b486ecfbdbf7) Importer(815301076,1909f56bfc062723c751e8b465ee728b)
Start importing Assets/8-Bit Sfx/Mp3/Menu_Navigate_01.mp3 using Guid(4509a6078ed9c4923a49b486ecfbdbf7) Importer(815301076,1909f56bfc062723c751e8b465ee728b)  -> (artifact id: '86ccd9e85bbda76523652c754b0efcc8') in 0.015024 seconds 
========================================================================
Received Import Request.
  Time since last request: 0.000017 seconds.
  path: Assets/8-Bit Sfx/Wav/Shoot_03.wav
  artifactKey: Guid(89883c5c7d97643c79378d29523584d0) Importer(815301076,1909f56bfc062723c751e8b465ee728b)
Start importing Assets/8-Bit Sfx/Wav/Shoot_03.wav using Guid(89883c5c7d97643c79378d29523584d0) Importer(815301076,1909f56bfc062723c751e8b465ee728b)  -> (artifact id: 'c94191e411de7aafbe785b478015998e') in 0.016941 seconds 
========================================================================
Received Import Request.
  Time since last request: 0.000042 seconds.
  path: Assets/Game Sound Solutions - 8 bits Elements/powerup/powerup_11.wav
  artifactKey: Guid(fa9cdbd3e01284a8dad57fa8d2d4d586) Importer(815301076,1909f56bfc062723c751e8b465ee728b)
Start importing Assets/Game Sound Solutions - 8 bits Elements/powerup/powerup_11.wav using Guid(fa9cdbd3e01284a8dad57fa8d2d4d586) Importer(815301076,1909f56bfc062723c751e8b465ee728b)  -> (artifact id: '70b079ece86d710c659120ff0bbc5651') in 0.023700 seconds 
========================================================================
Received Import Request.
  Time since last request: 0.000070 seconds.
  path: Assets/Game Sound Solutions - 8 bits Elements/powerup/powerup_38.wav
  artifactKey: Guid(4a4caec47f7bd4d42baef0224182ba66) Importer(815301076,1909f56bfc062723c751e8b465ee728b)
Start importing Assets/Game Sound Solutions - 8 bits Elements/powerup/powerup_38.wav using Guid(4a4caec47f7bd4d42baef0224182ba66) Importer(815301076,1909f56bfc062723c751e8b465ee728b)  -> (artifact id: 'a1a3c94866864866ddb93bedc5175cbb') in 0.018676 seconds 
========================================================================
Received Import Request.
  Time since last request: 0.000023 seconds.
  path: Assets/Game Sound Solutions - 8 bits Elements/OTHER SOUND PACK DEMO/Nightmare ambiences Demo/Nightmare_ambience_11_3.wav
  artifactKey: Guid(c80a2660763f14be8a90dbf0a07b0cf8) Importer(815301076,1909f56bfc062723c751e8b465ee728b)
Start importing Assets/Game Sound Solutions - 8 bits Elements/OTHER SOUND PACK DEMO/Nightmare ambiences Demo/Nightmare_ambience_11_3.wav using Guid(c80a2660763f14be8a90dbf0a07b0cf8) Importer(815301076,1909f56bfc062723c751e8b465ee728b)  -> (artifact id: '066874a10716125ced7a084be38b21be') in 0.016828 seconds 
========================================================================
Received Import Request.
  Time since last request: 0.000028 seconds.
  path: Assets/Game Sound Solutions - 8 bits Elements/OTHER SOUND PACK DEMO/Buttons Colletions Demo/switch_5.wav
  artifactKey: Guid(e45e8fb5a09194c37836f7af3b31834b) Importer(815301076,1909f56bfc062723c751e8b465ee728b)
Start importing Assets/Game Sound Solutions - 8 bits Elements/OTHER SOUND PACK DEMO/Buttons Colletions Demo/switch_5.wav using Guid(e45e8fb5a09194c37836f7af3b31834b) Importer(815301076,1909f56bfc062723c751e8b465ee728b)  -> (artifact id: 'bf1d5cc934b233e371af68451055e650') in 0.017752 seconds 
========================================================================
Received Import Request.
  Time since last request: 0.000020 seconds.
  path: Assets/Game Sound Solutions - 8 bits Elements/ramdomize/randomize_8.wav
  artifactKey: Guid(e38806dc906e44a8a919fad5b474aae4) Importer(815301076,1909f56bfc062723c751e8b465ee728b)
Start importing Assets/Game Sound Solutions - 8 bits Elements/ramdomize/randomize_8.wav using Guid(e38806dc906e44a8a919fad5b474aae4) Importer(815301076,1909f56bfc062723c751e8b465ee728b)  -> (artifact id: 'be6911881e47d7c232cc27d676e6bc30') in 0.016922 seconds 
========================================================================
Received Import Request.
  Time since last request: 0.000021 seconds.
  path: Assets/Game Sound Solutions - 8 bits Elements/powerup/powerup_20.wav
  artifactKey: Guid(c8a8adf821ff2474b843341253b01896) Importer(815301076,1909f56bfc062723c751e8b465ee728b)
Start importing Assets/Game Sound Solutions - 8 bits Elements/powerup/powerup_20.wav using Guid(c8a8adf821ff2474b843341253b01896) Importer(815301076,1909f56bfc062723c751e8b465ee728b)  -> (artifact id: 'f1901d1011b14775c63c198b6655be61') in 0.021957 seconds 
========================================================================
Received Import Request.
  Time since last request: 0.000019 seconds.
  path: Assets/All Files/Audio/Robot Walking_Broken.wav
  artifactKey: Guid(9645ade057726c6428a54cc571053c6d) Importer(815301076,1909f56bfc062723c751e8b465ee728b)
Start importing Assets/All Files/Audio/Robot Walking_Broken.wav using Guid(9645ade057726c6428a54cc571053c6d) Importer(815301076,1909f56bfc062723c751e8b465ee728b)  -> (artifact id: '339b9c150f2cce9dc7f5d30a9fdf1fa2') in 0.011506 seconds 
========================================================================
Received Import Request.
  Time since last request: 0.000017 seconds.
  path: Assets/Game Sound Solutions - 8 bits Elements/ramdomize/randomize_7.wav
  artifactKey: Guid(b308e7c3c46a4481193a230a3668bee3) Importer(815301076,1909f56bfc062723c751e8b465ee728b)
Start importing Assets/Game Sound Solutions - 8 bits Elements/ramdomize/randomize_7.wav using Guid(b308e7c3c46a4481193a230a3668bee3) Importer(815301076,1909f56bfc062723c751e8b465ee728b)  -> (artifact id: '99f39dd520db18c234fee23822df81ae') in 0.015168 seconds 
========================================================================
Received Import Request.
  Time since last request: 0.000016 seconds.
  path: Assets/Game Sound Solutions - 8 bits Elements/powerup/powerup_29.wav
  artifactKey: Guid(736bd90352f8342c8be2170e1f273240) Importer(815301076,1909f56bfc062723c751e8b465ee728b)
Start importing Assets/Game Sound Solutions - 8 bits Elements/powerup/powerup_29.wav using Guid(736bd90352f8342c8be2170e1f273240) Importer(815301076,1909f56bfc062723c751e8b465ee728b)  -> (artifact id: 'd3c3df6e48de9190d4c231688252beda') in 0.016040 seconds 
========================================================================
Received Import Request.
  Time since last request: 0.000023 seconds.
  path: Assets/8-Bit Sfx/Mp3/Shoot_02.mp3
  artifactKey: Guid(5e94b610ac994463bb21f494d1966f09) Importer(815301076,1909f56bfc062723c751e8b465ee728b)
Start importing Assets/8-Bit Sfx/Mp3/Shoot_02.mp3 using Guid(5e94b610ac994463bb21f494d1966f09) Importer(815301076,1909f56bfc062723c751e8b465ee728b)  -> (artifact id: '7272b6a17dfd485a8cd64e49825db547') in 0.014017 seconds 
========================================================================
Received Import Request.
  Time since last request: 0.000025 seconds.
  path: Assets/8-Bit Sfx/Mp3/Open_01.mp3
  artifactKey: Guid(635bb516efecc4961a33481332684746) Importer(815301076,1909f56bfc062723c751e8b465ee728b)
Start importing Assets/8-Bit Sfx/Mp3/Open_01.mp3 using Guid(635bb516efecc4961a33481332684746) Importer(815301076,1909f56bfc062723c751e8b465ee728b)  -> (artifact id: '50577a03bf02610f79ed81596fcad956') in 0.017916 seconds 
========================================================================
Received Import Request.
  Time since last request: 0.000019 seconds.
  path: Assets/All Files/Audio/Player Hit.wav
  artifactKey: Guid(c7d3a91ac32abbe47a8931a8ffc37bc6) Importer(815301076,1909f56bfc062723c751e8b465ee728b)
Start importing Assets/All Files/Audio/Player Hit.wav using Guid(c7d3a91ac32abbe47a8931a8ffc37bc6) Importer(815301076,1909f56bfc062723c751e8b465ee728b)  -> (artifact id: 'ff29f98fe47a1a40ca98f2d305d7feca') in 0.011826 seconds 
========================================================================
Received Import Request.
  Time since last request: 0.000021 seconds.
  path: Assets/Game Sound Solutions - 8 bits Elements/OTHER SOUND PACK DEMO/Power Laser Guns Demo/LaserGun_111.wav
  artifactKey: Guid(07a2112ad341647548b731743ad1fad3) Importer(815301076,1909f56bfc062723c751e8b465ee728b)
Start importing Assets/Game Sound Solutions - 8 bits Elements/OTHER SOUND PACK DEMO/Power Laser Guns Demo/LaserGun_111.wav using Guid(07a2112ad341647548b731743ad1fad3) Importer(815301076,1909f56bfc062723c751e8b465ee728b)  -> (artifact id: 'a2b6f17c37986ff6492bfe6d249d0955') in 0.016570 seconds 
========================================================================
Received Import Request.
  Time since last request: 0.000024 seconds.
  path: Assets/8-Bit Sfx/Wav/Open_00.wav
  artifactKey: Guid(9db96a6fc214b4c668e55b68bd1f749a) Importer(815301076,1909f56bfc062723c751e8b465ee728b)
Start importing Assets/8-Bit Sfx/Wav/Open_00.wav using Guid(9db96a6fc214b4c668e55b68bd1f749a) Importer(815301076,1909f56bfc062723c751e8b465ee728b)  -> (artifact id: '4fa699170b5ef6eae41c5139c865441a') in 0.014747 seconds 
========================================================================
Received Import Request.
  Time since last request: 0.000018 seconds.
  path: Assets/Game Sound Solutions - 8 bits Elements/OTHER SOUND PACK DEMO/Weapons Demo/sword_hit_blood_1.wav
  artifactKey: Guid(1684c7ac1b7d74a2b8d5a892d339f271) Importer(815301076,1909f56bfc062723c751e8b465ee728b)
Start importing Assets/Game Sound Solutions - 8 bits Elements/OTHER SOUND PACK DEMO/Weapons Demo/sword_hit_blood_1.wav using Guid(1684c7ac1b7d74a2b8d5a892d339f271) Importer(815301076,1909f56bfc062723c751e8b465ee728b)  -> (artifact id: 'cff17ae6483d59f8681fe4680da70675') in 0.015528 seconds 
========================================================================
Received Import Request.
  Time since last request: 0.000020 seconds.
  path: Assets/Game Sound Solutions - 8 bits Elements/powerup/powerup_35.wav
  artifactKey: Guid(84c79c50140974d56a5d84cdeb4236cd) Importer(815301076,1909f56bfc062723c751e8b465ee728b)
Start importing Assets/Game Sound Solutions - 8 bits Elements/powerup/powerup_35.wav using Guid(84c79c50140974d56a5d84cdeb4236cd) Importer(815301076,1909f56bfc062723c751e8b465ee728b)  -> (artifact id: 'c30435f930c1f714b9d050c6a695fc0e') in 0.014840 seconds 
========================================================================
Received Import Request.
  Time since last request: 0.000017 seconds.
  path: Assets/Game Sound Solutions - 8 bits Elements/OTHER SOUND PACK DEMO/Buttons Colletions Demo/Lead_1.wav
  artifactKey: Guid(45035c47d2f3d4da8a4e1aa8129008b0) Importer(815301076,1909f56bfc062723c751e8b465ee728b)
Start importing Assets/Game Sound Solutions - 8 bits Elements/OTHER SOUND PACK DEMO/Buttons Colletions Demo/Lead_1.wav using Guid(45035c47d2f3d4da8a4e1aa8129008b0) Importer(815301076,1909f56bfc062723c751e8b465ee728b)  -> (artifact id: '3280c789b37a4876c738c6445c008232') in 0.015536 seconds 
========================================================================
Received Import Request.
  Time since last request: 0.000021 seconds.
  path: Assets/Game Sound Solutions - 8 bits Elements/ramdomize/randomize_15.wav
  artifactKey: Guid(46732fc6bfaea47878b3f920121622ac) Importer(815301076,1909f56bfc062723c751e8b465ee728b)
Start importing Assets/Game Sound Solutions - 8 bits Elements/ramdomize/randomize_15.wav using Guid(46732fc6bfaea47878b3f920121622ac) Importer(815301076,1909f56bfc062723c751e8b465ee728b)  -> (artifact id: '13b44c43c9d177fe57bc7fdad9b69789') in 0.015328 seconds 
========================================================================
Received Import Request.
  Time since last request: 0.000021 seconds.
  path: Assets/Game Sound Solutions - 8 bits Elements/powerup/powerup_3.wav
  artifactKey: Guid(fc28225342df0407aae453af7703eca9) Importer(815301076,1909f56bfc062723c751e8b465ee728b)
Start importing Assets/Game Sound Solutions - 8 bits Elements/powerup/powerup_3.wav using Guid(fc28225342df0407aae453af7703eca9) Importer(815301076,1909f56bfc062723c751e8b465ee728b)  -> (artifact id: '6ac6952d6ca1726e29ac862a8727f440') in 0.015798 seconds 
========================================================================
Received Import Request.
  Time since last request: 0.000017 seconds.
  path: Assets/Game Sound Solutions - 8 bits Elements/OTHER SOUND PACK DEMO/Magic Demo/Magic_6_2.wav
  artifactKey: Guid(50f45cc001e2e4ff7a7d960a98048691) Importer(815301076,1909f56bfc062723c751e8b465ee728b)
Start importing Assets/Game Sound Solutions - 8 bits Elements/OTHER SOUND PACK DEMO/Magic Demo/Magic_6_2.wav using Guid(50f45cc001e2e4ff7a7d960a98048691) Importer(815301076,1909f56bfc062723c751e8b465ee728b)  -> (artifact id: '15d8598664b74a3454b9c07aa3d56a57') in 0.015102 seconds 
========================================================================
Received Import Request.
  Time since last request: 0.000019 seconds.
  path: Assets/Game Sound Solutions - 8 bits Elements/OTHER SOUND PACK DEMO/Weapons Demo/sword_move_6.wav
  artifactKey: Guid(6ba53cdd4b6df41789f95e65da62da69) Importer(815301076,1909f56bfc062723c751e8b465ee728b)
Start importing Assets/Game Sound Solutions - 8 bits Elements/OTHER SOUND PACK DEMO/Weapons Demo/sword_move_6.wav using Guid(6ba53cdd4b6df41789f95e65da62da69) Importer(815301076,1909f56bfc062723c751e8b465ee728b)  -> (artifact id: 'bfa9cb61872e84d894f4f10a88643ac2') in 0.014355 seconds 
========================================================================
Received Import Request.
  Time since last request: 0.000027 seconds.
  path: Assets/Game Sound Solutions - 8 bits Elements/ramdomize/randomize_3.wav
  artifactKey: Guid(1be693917a2954313a6ff5b49e97a7c3) Importer(815301076,1909f56bfc062723c751e8b465ee728b)
Start importing Assets/Game Sound Solutions - 8 bits Elements/ramdomize/randomize_3.wav using Guid(1be693917a2954313a6ff5b49e97a7c3) Importer(815301076,1909f56bfc062723c751e8b465ee728b)  -> (artifact id: 'fd0c389118b4e22a17b3b42075f8d975') in 0.015607 seconds 
========================================================================
Received Import Request.
  Time since last request: 0.000017 seconds.
  path: Assets/Game Sound Solutions - 8 bits Elements/ramdomize/randomize_11.wav
  artifactKey: Guid(f42e1d35e9b85435fb8cbd9f2394ff3b) Importer(815301076,1909f56bfc062723c751e8b465ee728b)
Start importing Assets/Game Sound Solutions - 8 bits Elements/ramdomize/randomize_11.wav using Guid(f42e1d35e9b85435fb8cbd9f2394ff3b) Importer(815301076,1909f56bfc062723c751e8b465ee728b)  -> (artifact id: '84e69da7e49dc40853d2f85967cde56e') in 0.014926 seconds 
========================================================================
Received Import Request.
  Time since last request: 0.000018 seconds.
  path: Assets/Game Sound Solutions - 8 bits Elements/ramdomize/randomize_13.wav
  artifactKey: Guid(4c252763483a141c2b8f44d80134f8e8) Importer(815301076,1909f56bfc062723c751e8b465ee728b)
Start importing Assets/Game Sound Solutions - 8 bits Elements/ramdomize/randomize_13.wav using Guid(4c252763483a141c2b8f44d80134f8e8) Importer(815301076,1909f56bfc062723c751e8b465ee728b)  -> (artifact id: 'e24318ca17d027edcf663d34e70b2d94') in 0.016421 seconds 
========================================================================
Received Import Request.
  Time since last request: 2.731420 seconds.
  path: Assets/Game Sound Solutions - 8 bits Elements/coin/coin_8.wav
  artifactKey: Guid(8c57384ed2fd44d679f385c64e5bd975) Importer(815301076,1909f56bfc062723c751e8b465ee728b)
Start importing Assets/Game Sound Solutions - 8 bits Elements/coin/coin_8.wav using Guid(8c57384ed2fd44d679f385c64e5bd975) Importer(815301076,1909f56bfc062723c751e8b465ee728b)  -> (artifact id: 'c89c85fcd929d9231a8f3373cda76ba4') in 0.017542 seconds 
========================================================================
Received Import Request.
  Time since last request: 0.000019 seconds.
  path: Assets/Game Sound Solutions - 8 bits Elements/explosion/explosion_18.wav
  artifactKey: Guid(fa98f89c0057e4d9ca85248c97a35949) Importer(815301076,1909f56bfc062723c751e8b465ee728b)
Start importing Assets/Game Sound Solutions - 8 bits Elements/explosion/explosion_18.wav using Guid(fa98f89c0057e4d9ca85248c97a35949) Importer(815301076,1909f56bfc062723c751e8b465ee728b)  -> (artifact id: '0160095684acd2a775128875f97c5827') in 0.016534 seconds 
========================================================================
Received Prepare
Registering precompiled user dll's ...
Registered in 0.006740 seconds.
Begin MonoManager ReloadAssembly
Symbol file LoadedFromMemory doesn't match image C:\Users\carso\OneDrive\Desktop\Unity Games\JurassicParkGame\Jurassic Park Game\Library\PackageCache\com.unity.visualscripting@1.8.0\Editor\VisualScripting.Core\Dependencies\YamlDotNet\Unity.VisualScripting.YamlDotNet.dll
Symbol file LoadedFromMemory doesn't match image C:\Users\carso\OneDrive\Desktop\Unity Games\JurassicParkGame\Jurassic Park Game\Library\PackageCache\com.unity.visualscripting@1.8.0\Editor\VisualScripting.Core\Dependencies\DotNetZip\Unity.VisualScripting.IonicZip.dll
Native extension for WindowsStandalone target not found
Refreshing native plugins compatible for Editor in 0.81 ms, found 4 plugins.
Preloading 0 native plugins for Editor in 0.00 ms.
Mono: successfully reloaded assembly
- Completed reload, in  0.820 seconds
Domain Reload Profiling:
	ReloadAssembly (821ms)
		BeginReloadAssembly (104ms)
			ExecutionOrderSort (0ms)
			DisableScriptedObjects (4ms)
			BackupInstance (0ms)
			ReleaseScriptingObjects (0ms)
			CreateAndSetChildDomain (32ms)
		EndReloadAssembly (636ms)
			LoadAssemblies (71ms)
			RebuildTransferFunctionScriptingTraits (0ms)
			SetupTypeCache (205ms)
			ReleaseScriptCaches (1ms)
			RebuildScriptCaches (41ms)
			SetupLoadedEditorAssemblies (279ms)
				LogAssemblyErrors (0ms)
				InitializePlatformSupportModulesInManaged (11ms)
				SetLoadedEditorAssemblies (0ms)
				RefreshPlugins (1ms)
				BeforeProcessingInitializeOnLoad (60ms)
				ProcessInitializeOnLoadAttributes (170ms)
				ProcessInitializeOnLoadMethodAttributes (33ms)
				AfterProcessingInitializeOnLoad (4ms)
				EditorAssembliesLoaded (0ms)
			ExecutionOrderSort2 (0ms)
			AwakeInstancesAfterBackupRestoration (6ms)
Platform modules already initialized, skipping
Refreshing native plugins compatible for Editor in 1.93 ms, found 4 plugins.
Preloading 0 native plugins for Editor in 0.00 ms.
Unloading 4205 Unused Serialized files (Serialized files now loaded: 0)
Unloading 26 unused Assets / (95.3 KB). Loaded Objects now: 4706.
Memory consumption went from 163.4 MB to 163.3 MB.
Total: 2.514600 ms (FindLiveObjects: 0.243900 ms CreateObjectMapping: 0.112200 ms MarkObjects: 2.127800 ms  DeleteObjects: 0.029800 ms)

AssetImportParameters requested are different than current active one (requested -> active):
  custom:video-decoder-ogg-theora: a1e56fd34408186e4bbccfd4996cb3dc -> 
  custom:container-muxer-webm: aa71ff27fc2769a1b78a27578f13a17b -> 
  custom:container-demuxer-webm: 4f35f7cbe854078d1ac9338744f61a02 -> 
  custom:video-encoder-webm-vp8: eb34c28f22e8b96e1ab97ce403110664 -> 
  custom:audio-encoder-webm-vorbis: bf7c407c2cedff20999df2af8eb42d56 -> 
  custom:framework-win-MediaFoundation: 216162199b28c13a410421893ffa2e32 -> 
  custom:container-demuxer-ogg: 62fdf1f143b41e24485cea50d1cbac27 -> 
  custom:video-decoder-webm-vp8: 9c59270c3fd7afecdb556c50c9e8de78 -> 
  custom:audio-decoder-ogg-vorbis: bf7c407c2cedff20999df2af8eb42d56 -> 
========================================================================
Received Prepare
Registering precompiled user dll's ...
Registered in 0.004478 seconds.
Begin MonoManager ReloadAssembly
Symbol file LoadedFromMemory doesn't match image C:\Users\carso\OneDrive\Desktop\Unity Games\JurassicParkGame\Jurassic Park Game\Library\PackageCache\com.unity.visualscripting@1.8.0\Editor\VisualScripting.Core\Dependencies\YamlDotNet\Unity.VisualScripting.YamlDotNet.dll
Symbol file LoadedFromMemory doesn't match image C:\Users\carso\OneDrive\Desktop\Unity Games\JurassicParkGame\Jurassic Park Game\Library\PackageCache\com.unity.visualscripting@1.8.0\Editor\VisualScripting.Core\Dependencies\DotNetZip\Unity.VisualScripting.IonicZip.dll
Native extension for WindowsStandalone target not found
Refreshing native plugins compatible for Editor in 0.67 ms, found 4 plugins.
Preloading 0 native plugins for Editor in 0.00 ms.
Mono: successfully reloaded assembly
- Completed reload, in  0.786 seconds
Domain Reload Profiling:
	ReloadAssembly (787ms)
		BeginReloadAssembly (94ms)
			ExecutionOrderSort (0ms)
			DisableScriptedObjects (3ms)
			BackupInstance (0ms)
			ReleaseScriptingObjects (0ms)
			CreateAndSetChildDomain (30ms)
		EndReloadAssembly (631ms)
			LoadAssemblies (62ms)
			RebuildTransferFunctionScriptingTraits (0ms)
			SetupTypeCache (193ms)
			ReleaseScriptCaches (1ms)
			RebuildScriptCaches (40ms)
			SetupLoadedEditorAssemblies (292ms)
				LogAssemblyErrors (0ms)
				InitializePlatformSupportModulesInManaged (10ms)
				SetLoadedEditorAssemblies (0ms)
				RefreshPlugins (1ms)
				BeforeProcessingInitializeOnLoad (60ms)
				ProcessInitializeOnLoadAttributes (182ms)
				ProcessInitializeOnLoadMethodAttributes (34ms)
				AfterProcessingInitializeOnLoad (5ms)
				EditorAssembliesLoaded (0ms)
			ExecutionOrderSort2 (0ms)
			AwakeInstancesAfterBackupRestoration (7ms)
Platform modules already initialized, skipping
Refreshing native plugins compatible for Editor in 3.20 ms, found 4 plugins.
Preloading 0 native plugins for Editor in 0.00 ms.
Unloading 4205 Unused Serialized files (Serialized files now loaded: 0)
Unloading 26 unused Assets / (95.4 KB). Loaded Objects now: 4721.
Memory consumption went from 163.4 MB to 163.3 MB.
Total: 2.982400 ms (FindLiveObjects: 0.318300 ms CreateObjectMapping: 0.257300 ms MarkObjects: 2.367600 ms  DeleteObjects: 0.037600 ms)

AssetImportParameters requested are different than current active one (requested -> active):
  custom:video-decoder-ogg-theora: a1e56fd34408186e4bbccfd4996cb3dc -> 
  custom:container-muxer-webm: aa71ff27fc2769a1b78a27578f13a17b -> 
  custom:container-demuxer-webm: 4f35f7cbe854078d1ac9338744f61a02 -> 
  custom:video-encoder-webm-vp8: eb34c28f22e8b96e1ab97ce403110664 -> 
  custom:audio-encoder-webm-vorbis: bf7c407c2cedff20999df2af8eb42d56 -> 
  custom:framework-win-MediaFoundation: 216162199b28c13a410421893ffa2e32 -> 
  custom:container-demuxer-ogg: 62fdf1f143b41e24485cea50d1cbac27 -> 
  custom:video-decoder-webm-vp8: 9c59270c3fd7afecdb556c50c9e8de78 -> 
  custom:audio-decoder-ogg-vorbis: bf7c407c2cedff20999df2af8eb42d56 -> 
Editor requested this worker to shutdown with reason: Scaling down because of idle timeout
AssetImportWorkerClient::OnTransportError - code=2 error=End of file
AssetImportWorker is now disconnected from the server
Process exiting
Exiting without the bug reporter. Application will terminate with return code 0